{"/home/martingarcia/Desktop/theatera-api/theatera-api/logic/are-there-news/index.spec.js":{"path":"/home/martingarcia/Desktop/theatera-api/theatera-api/logic/are-there-news/index.spec.js","statementMap":{"0":{"start":{"line":1,"column":0},"end":{"line":1,"column":26}},"1":{"start":{"line":2,"column":33},"end":{"line":2,"column":40}},"2":{"start":{"line":3,"column":19},"end":{"line":3,"column":34}},"3":{"start":{"line":4,"column":19},"end":{"line":4,"column":23}},"4":{"start":{"line":5,"column":21},"end":{"line":5,"column":33}},"5":{"start":{"line":6,"column":52},"end":{"line":6,"column":76}},"6":{"start":{"line":7,"column":63},"end":{"line":7,"column":87}},"7":{"start":{"line":9,"column":0},"end":{"line":99,"column":2}},"8":{"start":{"line":10,"column":4},"end":{"line":10,"column":47}},"9":{"start":{"line":10,"column":17},"end":{"line":10,"column":46}},"10":{"start":{"line":14,"column":4},"end":{"line":40,"column":6}},"11":{"start":{"line":15,"column":8},"end":{"line":15,"column":33}},"12":{"start":{"line":16,"column":8},"end":{"line":16,"column":44}},"13":{"start":{"line":17,"column":8},"end":{"line":17,"column":41}},"14":{"start":{"line":18,"column":8},"end":{"line":18,"column":57}},"15":{"start":{"line":20,"column":8},"end":{"line":20,"column":35}},"16":{"start":{"line":21,"column":8},"end":{"line":21,"column":33}},"17":{"start":{"line":22,"column":8},"end":{"line":22,"column":28}},"18":{"start":{"line":23,"column":8},"end":{"line":23,"column":30}},"19":{"start":{"line":24,"column":8},"end":{"line":24,"column":58}},"20":{"start":{"line":26,"column":8},"end":{"line":26,"column":31}},"21":{"start":{"line":27,"column":19},"end":{"line":27,"column":68}},"22":{"start":{"line":28,"column":8},"end":{"line":28,"column":24}},"23":{"start":{"line":30,"column":22},"end":{"line":30,"column":71}},"24":{"start":{"line":31,"column":8},"end":{"line":31,"column":26}},"25":{"start":{"line":33,"column":22},"end":{"line":33,"column":72}},"26":{"start":{"line":34,"column":8},"end":{"line":34,"column":26}},"27":{"start":{"line":35,"column":8},"end":{"line":35,"column":38}},"28":{"start":{"line":36,"column":8},"end":{"line":36,"column":38}},"29":{"start":{"line":38,"column":8},"end":{"line":38,"column":25}},"30":{"start":{"line":39,"column":8},"end":{"line":39,"column":16}},"31":{"start":{"line":42,"column":4},"end":{"line":50,"column":6}},"32":{"start":{"line":44,"column":8},"end":{"line":44,"column":34}},"33":{"start":{"line":46,"column":8},"end":{"line":46,"column":42}},"34":{"start":{"line":48,"column":8},"end":{"line":48,"column":63}},"35":{"start":{"line":49,"column":8},"end":{"line":49,"column":64}},"36":{"start":{"line":53,"column":4},"end":{"line":67,"column":6}},"37":{"start":{"line":57,"column":8},"end":{"line":58,"column":59}},"38":{"start":{"line":60,"column":12},"end":{"line":60,"column":38}},"39":{"start":{"line":62,"column":8},"end":{"line":62,"column":42}},"40":{"start":{"line":65,"column":8},"end":{"line":65,"column":63}},"41":{"start":{"line":66,"column":8},"end":{"line":66,"column":63}},"42":{"start":{"line":69,"column":4},"end":{"line":80,"column":6}},"43":{"start":{"line":70,"column":23},"end":{"line":70,"column":44}},"44":{"start":{"line":72,"column":8},"end":{"line":79,"column":9}},"45":{"start":{"line":73,"column":12},"end":{"line":73,"column":38}},"46":{"start":{"line":74,"column":12},"end":{"line":74,"column":58}},"47":{"start":{"line":76,"column":12},"end":{"line":76,"column":34}},"48":{"start":{"line":77,"column":12},"end":{"line":77,"column":60}},"49":{"start":{"line":78,"column":12},"end":{"line":78,"column":78}},"50":{"start":{"line":83,"column":4},"end":{"line":94,"column":6}},"51":{"start":{"line":85,"column":8},"end":{"line":85,"column":78}},"52":{"start":{"line":85,"column":21},"end":{"line":85,"column":36}},"53":{"start":{"line":86,"column":8},"end":{"line":86,"column":84}},"54":{"start":{"line":86,"column":21},"end":{"line":86,"column":39}},"55":{"start":{"line":87,"column":8},"end":{"line":87,"column":78}},"56":{"start":{"line":87,"column":21},"end":{"line":87,"column":37}},"57":{"start":{"line":88,"column":8},"end":{"line":88,"column":93}},"58":{"start":{"line":88,"column":21},"end":{"line":88,"column":37}},"59":{"start":{"line":89,"column":8},"end":{"line":89,"column":94}},"60":{"start":{"line":89,"column":21},"end":{"line":89,"column":44}},"61":{"start":{"line":90,"column":8},"end":{"line":90,"column":84}},"62":{"start":{"line":90,"column":21},"end":{"line":90,"column":39}},"63":{"start":{"line":91,"column":8},"end":{"line":91,"column":89}},"64":{"start":{"line":91,"column":21},"end":{"line":91,"column":37}},"65":{"start":{"line":92,"column":8},"end":{"line":92,"column":94}},"66":{"start":{"line":92,"column":21},"end":{"line":92,"column":42}},"67":{"start":{"line":97,"column":4},"end":{"line":97,"column":60}},"68":{"start":{"line":97,"column":16},"end":{"line":97,"column":59}}},"fnMap":{"0":{"name":"(anonymous_0)","decl":{"start":{"line":9,"column":33},"end":{"line":9,"column":34}},"loc":{"start":{"line":9,"column":39},"end":{"line":99,"column":1}},"line":9},"1":{"name":"(anonymous_1)","decl":{"start":{"line":10,"column":11},"end":{"line":10,"column":12}},"loc":{"start":{"line":10,"column":17},"end":{"line":10,"column":46}},"line":10},"2":{"name":"(anonymous_2)","decl":{"start":{"line":14,"column":15},"end":{"line":14,"column":16}},"loc":{"start":{"line":14,"column":26},"end":{"line":40,"column":5}},"line":14},"3":{"name":"(anonymous_3)","decl":{"start":{"line":42,"column":61},"end":{"line":42,"column":62}},"loc":{"start":{"line":42,"column":72},"end":{"line":50,"column":5}},"line":42},"4":{"name":"(anonymous_4)","decl":{"start":{"line":53,"column":74},"end":{"line":53,"column":75}},"loc":{"start":{"line":53,"column":85},"end":{"line":67,"column":5}},"line":53},"5":{"name":"(anonymous_5)","decl":{"start":{"line":69,"column":42},"end":{"line":69,"column":43}},"loc":{"start":{"line":69,"column":53},"end":{"line":80,"column":5}},"line":69},"6":{"name":"(anonymous_6)","decl":{"start":{"line":83,"column":42},"end":{"line":83,"column":43}},"loc":{"start":{"line":83,"column":48},"end":{"line":94,"column":5}},"line":83},"7":{"name":"(anonymous_7)","decl":{"start":{"line":85,"column":15},"end":{"line":85,"column":16}},"loc":{"start":{"line":85,"column":21},"end":{"line":85,"column":36}},"line":85},"8":{"name":"(anonymous_8)","decl":{"start":{"line":86,"column":15},"end":{"line":86,"column":16}},"loc":{"start":{"line":86,"column":21},"end":{"line":86,"column":39}},"line":86},"9":{"name":"(anonymous_9)","decl":{"start":{"line":87,"column":15},"end":{"line":87,"column":16}},"loc":{"start":{"line":87,"column":21},"end":{"line":87,"column":37}},"line":87},"10":{"name":"(anonymous_10)","decl":{"start":{"line":88,"column":15},"end":{"line":88,"column":16}},"loc":{"start":{"line":88,"column":21},"end":{"line":88,"column":37}},"line":88},"11":{"name":"(anonymous_11)","decl":{"start":{"line":89,"column":15},"end":{"line":89,"column":16}},"loc":{"start":{"line":89,"column":21},"end":{"line":89,"column":44}},"line":89},"12":{"name":"(anonymous_12)","decl":{"start":{"line":90,"column":15},"end":{"line":90,"column":16}},"loc":{"start":{"line":90,"column":21},"end":{"line":90,"column":39}},"line":90},"13":{"name":"(anonymous_13)","decl":{"start":{"line":91,"column":15},"end":{"line":91,"column":16}},"loc":{"start":{"line":91,"column":21},"end":{"line":91,"column":37}},"line":91},"14":{"name":"(anonymous_14)","decl":{"start":{"line":92,"column":15},"end":{"line":92,"column":16}},"loc":{"start":{"line":92,"column":21},"end":{"line":92,"column":42}},"line":92},"15":{"name":"(anonymous_15)","decl":{"start":{"line":97,"column":10},"end":{"line":97,"column":11}},"loc":{"start":{"line":97,"column":16},"end":{"line":97,"column":59}},"line":97}},"branchMap":{"0":{"loc":{"start":{"line":18,"column":8},"end":{"line":18,"column":57}},"type":"cond-expr","locations":[{"start":{"line":18,"column":25},"end":{"line":18,"column":40}},{"start":{"line":18,"column":43},"end":{"line":18,"column":57}}],"line":18},"1":{"loc":{"start":{"line":24,"column":8},"end":{"line":24,"column":58}},"type":"cond-expr","locations":[{"start":{"line":24,"column":25},"end":{"line":24,"column":37}},{"start":{"line":24,"column":40},"end":{"line":24,"column":58}}],"line":24}},"s":{"0":1,"1":1,"2":1,"3":1,"4":1,"5":1,"6":1,"7":1,"8":1,"9":1,"10":1,"11":4,"12":4,"13":4,"14":4,"15":4,"16":4,"17":4,"18":4,"19":4,"20":4,"21":4,"22":4,"23":4,"24":4,"25":4,"26":4,"27":4,"28":4,"29":4,"30":4,"31":1,"32":1,"33":1,"34":1,"35":1,"36":1,"37":1,"38":1,"39":1,"40":1,"41":1,"42":1,"43":1,"44":1,"45":1,"46":0,"47":1,"48":1,"49":1,"50":1,"51":1,"52":1,"53":1,"54":1,"55":1,"56":1,"57":1,"58":1,"59":1,"60":1,"61":1,"62":1,"63":1,"64":1,"65":1,"66":1,"67":1,"68":1},"f":{"0":1,"1":1,"2":4,"3":1,"4":1,"5":1,"6":1,"7":1,"8":1,"9":1,"10":1,"11":1,"12":1,"13":1,"14":1,"15":1},"b":{"0":[1,3],"1":[1,3]},"_coverageSchema":"43e27e138ebf9cfc5966b082cf9a028302ed4184","hash":"82121b86b547b2f8be46739bc001de8ba0f76846","contentHash":"367eeb351077d266b3ebffa6900b1045fecef7991a63c065f81305e2d24f0d33"},"/home/martingarcia/Desktop/theatera-api/theatera-api/logic/are-there-news/index.js":{"path":"/home/martingarcia/Desktop/theatera-api/theatera-api/logic/are-there-news/index.js","statementMap":{"0":{"start":{"line":1,"column":39},"end":{"line":1,"column":63}},"1":{"start":{"line":2,"column":62},"end":{"line":2,"column":86}},"2":{"start":{"line":11,"column":0},"end":{"line":32,"column":1}},"3":{"start":{"line":12,"column":4},"end":{"line":12,"column":27}},"4":{"start":{"line":13,"column":4},"end":{"line":13,"column":45}},"5":{"start":{"line":14,"column":4},"end":{"line":14,"column":88}},"6":{"start":{"line":14,"column":35},"end":{"line":14,"column":88}},"7":{"start":{"line":16,"column":4},"end":{"line":31,"column":8}},"8":{"start":{"line":18,"column":21},"end":{"line":18,"column":48}},"9":{"start":{"line":19,"column":8},"end":{"line":19,"column":78}},"10":{"start":{"line":19,"column":19},"end":{"line":19,"column":78}},"11":{"start":{"line":21,"column":18},"end":{"line":23,"column":9}},"12":{"start":{"line":24,"column":8},"end":{"line":28,"column":10}},"13":{"start":{"line":25,"column":12},"end":{"line":27,"column":13}},"14":{"start":{"line":26,"column":16},"end":{"line":26,"column":39}},"15":{"start":{"line":29,"column":8},"end":{"line":29,"column":25}},"16":{"start":{"line":30,"column":8},"end":{"line":30,"column":19}}},"fnMap":{"0":{"name":"(anonymous_0)","decl":{"start":{"line":11,"column":17},"end":{"line":11,"column":18}},"loc":{"start":{"line":11,"column":34},"end":{"line":32,"column":1}},"line":11},"1":{"name":"(anonymous_1)","decl":{"start":{"line":16,"column":12},"end":{"line":16,"column":13}},"loc":{"start":{"line":16,"column":23},"end":{"line":31,"column":5}},"line":16},"2":{"name":"(anonymous_2)","decl":{"start":{"line":24,"column":35},"end":{"line":24,"column":36}},"loc":{"start":{"line":24,"column":49},"end":{"line":28,"column":9}},"line":24}},"branchMap":{"0":{"loc":{"start":{"line":14,"column":4},"end":{"line":14,"column":88}},"type":"if","locations":[{"start":{"line":14,"column":4},"end":{"line":14,"column":88}},{"start":{"line":14,"column":4},"end":{"line":14,"column":88}}],"line":14},"1":{"loc":{"start":{"line":19,"column":8},"end":{"line":19,"column":78}},"type":"if","locations":[{"start":{"line":19,"column":8},"end":{"line":19,"column":78}},{"start":{"line":19,"column":8},"end":{"line":19,"column":78}}],"line":19},"2":{"loc":{"start":{"line":25,"column":12},"end":{"line":27,"column":13}},"type":"if","locations":[{"start":{"line":25,"column":12},"end":{"line":27,"column":13}},{"start":{"line":25,"column":12},"end":{"line":27,"column":13}}],"line":25}},"s":{"0":1,"1":1,"2":1,"3":11,"4":5,"5":3,"6":0,"7":3,"8":3,"9":3,"10":1,"11":2,"12":2,"13":4,"14":1,"15":2,"16":2},"f":{"0":11,"1":3,"2":4},"b":{"0":[0,3],"1":[1,2],"2":[1,3]},"_coverageSchema":"43e27e138ebf9cfc5966b082cf9a028302ed4184","hash":"a6e09798d952f47f04ccab6c0b4dfda184b95b78","contentHash":"a04fe2041a4728e733f8a20d0c6d3d905df2e3dd5ac7d593a963acfbc4e5d4a3"},"/home/martingarcia/Desktop/theatera-api/theatera-api/logic/authenticate-user/index.spec.js":{"path":"/home/martingarcia/Desktop/theatera-api/theatera-api/logic/authenticate-user/index.spec.js","statementMap":{"0":{"start":{"line":1,"column":0},"end":{"line":1,"column":26}},"1":{"start":{"line":2,"column":39},"end":{"line":2,"column":46}},"2":{"start":{"line":3,"column":19},"end":{"line":3,"column":34}},"3":{"start":{"line":4,"column":25},"end":{"line":4,"column":37}},"4":{"start":{"line":5,"column":19},"end":{"line":5,"column":23}},"5":{"start":{"line":6,"column":55},"end":{"line":6,"column":79}},"6":{"start":{"line":7,"column":39},"end":{"line":7,"column":63}},"7":{"start":{"line":8,"column":15},"end":{"line":8,"column":34}},"8":{"start":{"line":10,"column":0},"end":{"line":114,"column":2}},"9":{"start":{"line":11,"column":4},"end":{"line":11,"column":47}},"10":{"start":{"line":11,"column":17},"end":{"line":11,"column":46}},"11":{"start":{"line":15,"column":4},"end":{"line":27,"column":6}},"12":{"start":{"line":16,"column":8},"end":{"line":16,"column":33}},"13":{"start":{"line":17,"column":8},"end":{"line":17,"column":44}},"14":{"start":{"line":18,"column":8},"end":{"line":18,"column":41}},"15":{"start":{"line":19,"column":8},"end":{"line":19,"column":59}},"16":{"start":{"line":20,"column":8},"end":{"line":20,"column":23}},"17":{"start":{"line":22,"column":8},"end":{"line":22,"column":31}},"18":{"start":{"line":24,"column":21},"end":{"line":24,"column":76}},"19":{"start":{"line":26,"column":8},"end":{"line":26,"column":20}},"20":{"start":{"line":29,"column":4},"end":{"line":37,"column":6}},"21":{"start":{"line":30,"column":23},"end":{"line":30,"column":62}},"22":{"start":{"line":32,"column":8},"end":{"line":32,"column":31}},"23":{"start":{"line":33,"column":8},"end":{"line":33,"column":48}},"24":{"start":{"line":34,"column":8},"end":{"line":34,"column":50}},"25":{"start":{"line":36,"column":8},"end":{"line":36,"column":35}},"26":{"start":{"line":39,"column":4},"end":{"line":87,"column":6}},"27":{"start":{"line":40,"column":8},"end":{"line":54,"column":10}},"28":{"start":{"line":41,"column":26},"end":{"line":41,"column":33}},"29":{"start":{"line":42,"column":12},"end":{"line":53,"column":13}},"30":{"start":{"line":43,"column":16},"end":{"line":43,"column":55}},"31":{"start":{"line":45,"column":16},"end":{"line":45,"column":62}},"32":{"start":{"line":47,"column":16},"end":{"line":47,"column":38}},"33":{"start":{"line":48,"column":16},"end":{"line":48,"column":63}},"34":{"start":{"line":49,"column":36},"end":{"line":49,"column":41}},"35":{"start":{"line":51,"column":16},"end":{"line":51,"column":66}},"36":{"start":{"line":56,"column":8},"end":{"line":70,"column":10}},"37":{"start":{"line":57,"column":26},"end":{"line":57,"column":46}},"38":{"start":{"line":58,"column":12},"end":{"line":69,"column":13}},"39":{"start":{"line":59,"column":16},"end":{"line":59,"column":55}},"40":{"start":{"line":61,"column":16},"end":{"line":61,"column":62}},"41":{"start":{"line":63,"column":16},"end":{"line":63,"column":38}},"42":{"start":{"line":64,"column":16},"end":{"line":64,"column":67}},"43":{"start":{"line":65,"column":36},"end":{"line":65,"column":41}},"44":{"start":{"line":67,"column":16},"end":{"line":67,"column":61}},"45":{"start":{"line":73,"column":8},"end":{"line":86,"column":10}},"46":{"start":{"line":74,"column":29},"end":{"line":74,"column":36}},"47":{"start":{"line":75,"column":12},"end":{"line":85,"column":13}},"48":{"start":{"line":76,"column":16},"end":{"line":76,"column":55}},"49":{"start":{"line":78,"column":16},"end":{"line":78,"column":62}},"50":{"start":{"line":80,"column":16},"end":{"line":80,"column":38}},"51":{"start":{"line":81,"column":16},"end":{"line":81,"column":67}},"52":{"start":{"line":83,"column":36},"end":{"line":83,"column":41}},"53":{"start":{"line":84,"column":16},"end":{"line":84,"column":61}},"54":{"start":{"line":89,"column":4},"end":{"line":109,"column":6}},"55":{"start":{"line":90,"column":8},"end":{"line":90,"column":82}},"56":{"start":{"line":90,"column":21},"end":{"line":90,"column":40}},"57":{"start":{"line":91,"column":8},"end":{"line":91,"column":88}},"58":{"start":{"line":91,"column":21},"end":{"line":91,"column":43}},"59":{"start":{"line":92,"column":8},"end":{"line":92,"column":82}},"60":{"start":{"line":92,"column":21},"end":{"line":92,"column":41}},"61":{"start":{"line":93,"column":8},"end":{"line":93,"column":97}},"62":{"start":{"line":93,"column":21},"end":{"line":93,"column":41}},"63":{"start":{"line":94,"column":8},"end":{"line":94,"column":98}},"64":{"start":{"line":94,"column":21},"end":{"line":94,"column":48}},"65":{"start":{"line":95,"column":8},"end":{"line":95,"column":88}},"66":{"start":{"line":95,"column":21},"end":{"line":95,"column":43}},"67":{"start":{"line":97,"column":8},"end":{"line":97,"column":92}},"68":{"start":{"line":97,"column":21},"end":{"line":97,"column":41}},"69":{"start":{"line":98,"column":8},"end":{"line":98,"column":97}},"70":{"start":{"line":98,"column":21},"end":{"line":98,"column":46}},"71":{"start":{"line":100,"column":8},"end":{"line":100,"column":89}},"72":{"start":{"line":100,"column":21},"end":{"line":100,"column":47}},"73":{"start":{"line":101,"column":8},"end":{"line":101,"column":95}},"74":{"start":{"line":101,"column":21},"end":{"line":101,"column":50}},"75":{"start":{"line":102,"column":8},"end":{"line":102,"column":89}},"76":{"start":{"line":102,"column":21},"end":{"line":102,"column":48}},"77":{"start":{"line":103,"column":8},"end":{"line":103,"column":104}},"78":{"start":{"line":103,"column":21},"end":{"line":103,"column":48}},"79":{"start":{"line":104,"column":8},"end":{"line":104,"column":105}},"80":{"start":{"line":104,"column":21},"end":{"line":104,"column":55}},"81":{"start":{"line":105,"column":8},"end":{"line":105,"column":95}},"82":{"start":{"line":105,"column":21},"end":{"line":105,"column":50}},"83":{"start":{"line":107,"column":8},"end":{"line":107,"column":102}},"84":{"start":{"line":107,"column":21},"end":{"line":107,"column":48}},"85":{"start":{"line":108,"column":8},"end":{"line":108,"column":107}},"86":{"start":{"line":108,"column":21},"end":{"line":108,"column":53}},"87":{"start":{"line":113,"column":4},"end":{"line":113,"column":60}},"88":{"start":{"line":113,"column":16},"end":{"line":113,"column":59}}},"fnMap":{"0":{"name":"(anonymous_0)","decl":{"start":{"line":10,"column":38},"end":{"line":10,"column":39}},"loc":{"start":{"line":10,"column":44},"end":{"line":114,"column":1}},"line":10},"1":{"name":"(anonymous_1)","decl":{"start":{"line":11,"column":11},"end":{"line":11,"column":12}},"loc":{"start":{"line":11,"column":17},"end":{"line":11,"column":46}},"line":11},"2":{"name":"(anonymous_2)","decl":{"start":{"line":15,"column":15},"end":{"line":15,"column":16}},"loc":{"start":{"line":15,"column":26},"end":{"line":27,"column":5}},"line":15},"3":{"name":"(anonymous_3)","decl":{"start":{"line":29,"column":48},"end":{"line":29,"column":49}},"loc":{"start":{"line":29,"column":59},"end":{"line":37,"column":5}},"line":29},"4":{"name":"(anonymous_4)","decl":{"start":{"line":39,"column":39},"end":{"line":39,"column":40}},"loc":{"start":{"line":39,"column":45},"end":{"line":87,"column":5}},"line":39},"5":{"name":"(anonymous_5)","decl":{"start":{"line":40,"column":41},"end":{"line":40,"column":42}},"loc":{"start":{"line":40,"column":52},"end":{"line":54,"column":9}},"line":40},"6":{"name":"(anonymous_6)","decl":{"start":{"line":56,"column":41},"end":{"line":56,"column":42}},"loc":{"start":{"line":56,"column":52},"end":{"line":70,"column":9}},"line":56},"7":{"name":"(anonymous_7)","decl":{"start":{"line":73,"column":44},"end":{"line":73,"column":45}},"loc":{"start":{"line":73,"column":55},"end":{"line":86,"column":9}},"line":73},"8":{"name":"(anonymous_8)","decl":{"start":{"line":89,"column":98},"end":{"line":89,"column":99}},"loc":{"start":{"line":89,"column":104},"end":{"line":109,"column":5}},"line":89},"9":{"name":"(anonymous_9)","decl":{"start":{"line":90,"column":15},"end":{"line":90,"column":16}},"loc":{"start":{"line":90,"column":21},"end":{"line":90,"column":40}},"line":90},"10":{"name":"(anonymous_10)","decl":{"start":{"line":91,"column":15},"end":{"line":91,"column":16}},"loc":{"start":{"line":91,"column":21},"end":{"line":91,"column":43}},"line":91},"11":{"name":"(anonymous_11)","decl":{"start":{"line":92,"column":15},"end":{"line":92,"column":16}},"loc":{"start":{"line":92,"column":21},"end":{"line":92,"column":41}},"line":92},"12":{"name":"(anonymous_12)","decl":{"start":{"line":93,"column":15},"end":{"line":93,"column":16}},"loc":{"start":{"line":93,"column":21},"end":{"line":93,"column":41}},"line":93},"13":{"name":"(anonymous_13)","decl":{"start":{"line":94,"column":15},"end":{"line":94,"column":16}},"loc":{"start":{"line":94,"column":21},"end":{"line":94,"column":48}},"line":94},"14":{"name":"(anonymous_14)","decl":{"start":{"line":95,"column":15},"end":{"line":95,"column":16}},"loc":{"start":{"line":95,"column":21},"end":{"line":95,"column":43}},"line":95},"15":{"name":"(anonymous_15)","decl":{"start":{"line":97,"column":15},"end":{"line":97,"column":16}},"loc":{"start":{"line":97,"column":21},"end":{"line":97,"column":41}},"line":97},"16":{"name":"(anonymous_16)","decl":{"start":{"line":98,"column":15},"end":{"line":98,"column":16}},"loc":{"start":{"line":98,"column":21},"end":{"line":98,"column":46}},"line":98},"17":{"name":"(anonymous_17)","decl":{"start":{"line":100,"column":15},"end":{"line":100,"column":16}},"loc":{"start":{"line":100,"column":21},"end":{"line":100,"column":47}},"line":100},"18":{"name":"(anonymous_18)","decl":{"start":{"line":101,"column":15},"end":{"line":101,"column":16}},"loc":{"start":{"line":101,"column":21},"end":{"line":101,"column":50}},"line":101},"19":{"name":"(anonymous_19)","decl":{"start":{"line":102,"column":15},"end":{"line":102,"column":16}},"loc":{"start":{"line":102,"column":21},"end":{"line":102,"column":48}},"line":102},"20":{"name":"(anonymous_20)","decl":{"start":{"line":103,"column":15},"end":{"line":103,"column":16}},"loc":{"start":{"line":103,"column":21},"end":{"line":103,"column":48}},"line":103},"21":{"name":"(anonymous_21)","decl":{"start":{"line":104,"column":15},"end":{"line":104,"column":16}},"loc":{"start":{"line":104,"column":21},"end":{"line":104,"column":55}},"line":104},"22":{"name":"(anonymous_22)","decl":{"start":{"line":105,"column":15},"end":{"line":105,"column":16}},"loc":{"start":{"line":105,"column":21},"end":{"line":105,"column":50}},"line":105},"23":{"name":"(anonymous_23)","decl":{"start":{"line":107,"column":15},"end":{"line":107,"column":16}},"loc":{"start":{"line":107,"column":21},"end":{"line":107,"column":48}},"line":107},"24":{"name":"(anonymous_24)","decl":{"start":{"line":108,"column":15},"end":{"line":108,"column":16}},"loc":{"start":{"line":108,"column":21},"end":{"line":108,"column":53}},"line":108},"25":{"name":"(anonymous_25)","decl":{"start":{"line":113,"column":10},"end":{"line":113,"column":11}},"loc":{"start":{"line":113,"column":16},"end":{"line":113,"column":59}},"line":113}},"branchMap":{},"s":{"0":1,"1":1,"2":1,"3":1,"4":1,"5":1,"6":1,"7":1,"8":1,"9":1,"10":1,"11":1,"12":5,"13":5,"14":5,"15":5,"16":5,"17":5,"18":5,"19":5,"20":1,"21":1,"22":1,"23":1,"24":1,"25":1,"26":1,"27":1,"28":1,"29":1,"30":1,"31":0,"32":1,"33":1,"34":1,"35":1,"36":1,"37":1,"38":1,"39":1,"40":0,"41":1,"42":1,"43":1,"44":1,"45":1,"46":1,"47":1,"48":1,"49":0,"50":1,"51":1,"52":1,"53":1,"54":1,"55":1,"56":1,"57":1,"58":1,"59":1,"60":1,"61":1,"62":1,"63":1,"64":1,"65":1,"66":1,"67":1,"68":1,"69":1,"70":1,"71":1,"72":1,"73":1,"74":1,"75":1,"76":1,"77":1,"78":1,"79":1,"80":1,"81":1,"82":1,"83":1,"84":1,"85":1,"86":1,"87":1,"88":1},"f":{"0":1,"1":1,"2":5,"3":1,"4":1,"5":1,"6":1,"7":1,"8":1,"9":1,"10":1,"11":1,"12":1,"13":1,"14":1,"15":1,"16":1,"17":1,"18":1,"19":1,"20":1,"21":1,"22":1,"23":1,"24":1,"25":1},"b":{},"_coverageSchema":"43e27e138ebf9cfc5966b082cf9a028302ed4184","hash":"c899dd237ae774d634ed94b9e1b9984b728038d0","contentHash":"38392bc24dd37b953a134558e1aa32ef2605e3e9769dda05e63dd88c5947893e"},"/home/martingarcia/Desktop/theatera-api/theatera-api/logic/authenticate-user/index.js":{"path":"/home/martingarcia/Desktop/theatera-api/theatera-api/logic/authenticate-user/index.js","statementMap":{"0":{"start":{"line":1,"column":51},"end":{"line":1,"column":75}},"1":{"start":{"line":2,"column":29},"end":{"line":2,"column":53}},"2":{"start":{"line":3,"column":15},"end":{"line":3,"column":34}},"3":{"start":{"line":4,"column":0},"end":{"line":4,"column":26}},"4":{"start":{"line":5,"column":26},"end":{"line":5,"column":33}},"5":{"start":{"line":16,"column":0},"end":{"line":37,"column":1}},"6":{"start":{"line":18,"column":4},"end":{"line":18,"column":26}},"7":{"start":{"line":19,"column":4},"end":{"line":19,"column":43}},"8":{"start":{"line":20,"column":4},"end":{"line":20,"column":29}},"9":{"start":{"line":21,"column":4},"end":{"line":21,"column":49}},"10":{"start":{"line":22,"column":4},"end":{"line":22,"column":25}},"11":{"start":{"line":25,"column":4},"end":{"line":36,"column":8}},"12":{"start":{"line":26,"column":21},"end":{"line":26,"column":50}},"13":{"start":{"line":27,"column":8},"end":{"line":27,"column":66}},"14":{"start":{"line":27,"column":19},"end":{"line":27,"column":66}},"15":{"start":{"line":28,"column":22},"end":{"line":28,"column":67}},"16":{"start":{"line":29,"column":8},"end":{"line":29,"column":76}},"17":{"start":{"line":29,"column":29},"end":{"line":29,"column":76}},"18":{"start":{"line":31,"column":8},"end":{"line":31,"column":34}},"19":{"start":{"line":33,"column":8},"end":{"line":33,"column":25}},"20":{"start":{"line":35,"column":8},"end":{"line":35,"column":22}}},"fnMap":{"0":{"name":"(anonymous_0)","decl":{"start":{"line":16,"column":17},"end":{"line":16,"column":18}},"loc":{"start":{"line":16,"column":43},"end":{"line":37,"column":1}},"line":16},"1":{"name":"(anonymous_1)","decl":{"start":{"line":25,"column":12},"end":{"line":25,"column":13}},"loc":{"start":{"line":25,"column":23},"end":{"line":36,"column":5}},"line":25}},"branchMap":{"0":{"loc":{"start":{"line":27,"column":8},"end":{"line":27,"column":66}},"type":"if","locations":[{"start":{"line":27,"column":8},"end":{"line":27,"column":66}},{"start":{"line":27,"column":8},"end":{"line":27,"column":66}}],"line":27},"1":{"loc":{"start":{"line":29,"column":8},"end":{"line":29,"column":76}},"type":"if","locations":[{"start":{"line":29,"column":8},"end":{"line":29,"column":76}},{"start":{"line":29,"column":8},"end":{"line":29,"column":76}}],"line":29},"2":{"loc":{"start":{"line":29,"column":12},"end":{"line":29,"column":27}},"type":"binary-expr","locations":[{"start":{"line":29,"column":12},"end":{"line":29,"column":17}},{"start":{"line":29,"column":21},"end":{"line":29,"column":27}}],"line":29}},"s":{"0":1,"1":1,"2":1,"3":1,"4":1,"5":1,"6":20,"7":14,"8":12,"9":6,"10":4,"11":3,"12":3,"13":3,"14":1,"15":2,"16":2,"17":1,"18":1,"19":1,"20":1},"f":{"0":20,"1":3},"b":{"0":[1,2],"1":[1,1],"2":[2,2]},"_coverageSchema":"43e27e138ebf9cfc5966b082cf9a028302ed4184","hash":"9dcfa08d9ec8e2b16008f2a2df5b9ac33c1839b0","contentHash":"af785a82e7d494214d8fdca3b4f6ec71819ab4bce60014d4c1dbafb07f066aaa"},"/home/martingarcia/Desktop/theatera-api/theatera-api/logic/check-friend-request/index.spec.js":{"path":"/home/martingarcia/Desktop/theatera-api/theatera-api/logic/check-friend-request/index.spec.js","statementMap":{"0":{"start":{"line":1,"column":0},"end":{"line":1,"column":26}},"1":{"start":{"line":2,"column":33},"end":{"line":2,"column":40}},"2":{"start":{"line":3,"column":19},"end":{"line":3,"column":34}},"3":{"start":{"line":4,"column":19},"end":{"line":4,"column":23}},"4":{"start":{"line":5,"column":27},"end":{"line":5,"column":39}},"5":{"start":{"line":6,"column":52},"end":{"line":6,"column":76}},"6":{"start":{"line":7,"column":64},"end":{"line":7,"column":88}},"7":{"start":{"line":11,"column":0},"end":{"line":187,"column":2}},"8":{"start":{"line":12,"column":4},"end":{"line":12,"column":47}},"9":{"start":{"line":12,"column":17},"end":{"line":12,"column":46}},"10":{"start":{"line":16,"column":4},"end":{"line":37,"column":6}},"11":{"start":{"line":17,"column":8},"end":{"line":17,"column":33}},"12":{"start":{"line":18,"column":8},"end":{"line":18,"column":44}},"13":{"start":{"line":19,"column":8},"end":{"line":19,"column":41}},"14":{"start":{"line":20,"column":8},"end":{"line":20,"column":49}},"15":{"start":{"line":21,"column":8},"end":{"line":21,"column":57}},"16":{"start":{"line":23,"column":8},"end":{"line":23,"column":39}},"17":{"start":{"line":24,"column":8},"end":{"line":24,"column":50}},"18":{"start":{"line":25,"column":8},"end":{"line":25,"column":47}},"19":{"start":{"line":26,"column":8},"end":{"line":26,"column":69}},"20":{"start":{"line":27,"column":8},"end":{"line":27,"column":55}},"21":{"start":{"line":30,"column":8},"end":{"line":30,"column":74}},"22":{"start":{"line":31,"column":21},"end":{"line":31,"column":84}},"23":{"start":{"line":32,"column":23},"end":{"line":32,"column":158}},"24":{"start":{"line":34,"column":8},"end":{"line":34,"column":20}},"25":{"start":{"line":35,"column":8},"end":{"line":35,"column":28}},"26":{"start":{"line":41,"column":4},"end":{"line":52,"column":6}},"27":{"start":{"line":42,"column":32},"end":{"line":42,"column":70}},"28":{"start":{"line":43,"column":30},"end":{"line":43,"column":86}},"29":{"start":{"line":45,"column":8},"end":{"line":45,"column":40}},"30":{"start":{"line":46,"column":8},"end":{"line":46,"column":49}},"31":{"start":{"line":47,"column":8},"end":{"line":47,"column":61}},"32":{"start":{"line":49,"column":8},"end":{"line":49,"column":38}},"33":{"start":{"line":50,"column":8},"end":{"line":50,"column":68}},"34":{"start":{"line":51,"column":8},"end":{"line":51,"column":75}},"35":{"start":{"line":55,"column":4},"end":{"line":76,"column":6}},"36":{"start":{"line":56,"column":37},"end":{"line":56,"column":75}},"37":{"start":{"line":57,"column":30},"end":{"line":57,"column":86}},"38":{"start":{"line":58,"column":34},"end":{"line":58,"column":60}},"39":{"start":{"line":60,"column":8},"end":{"line":60,"column":45}},"40":{"start":{"line":61,"column":8},"end":{"line":61,"column":54}},"41":{"start":{"line":62,"column":8},"end":{"line":62,"column":66}},"42":{"start":{"line":63,"column":8},"end":{"line":63,"column":82}},"43":{"start":{"line":67,"column":8},"end":{"line":67,"column":38}},"44":{"start":{"line":68,"column":8},"end":{"line":68,"column":68}},"45":{"start":{"line":69,"column":8},"end":{"line":69,"column":75}},"46":{"start":{"line":71,"column":8},"end":{"line":71,"column":38}},"47":{"start":{"line":72,"column":8},"end":{"line":72,"column":68}},"48":{"start":{"line":73,"column":8},"end":{"line":73,"column":75}},"49":{"start":{"line":75,"column":8},"end":{"line":75,"column":55}},"50":{"start":{"line":79,"column":4},"end":{"line":93,"column":6}},"51":{"start":{"line":81,"column":37},"end":{"line":81,"column":75}},"52":{"start":{"line":82,"column":34},"end":{"line":82,"column":60}},"53":{"start":{"line":84,"column":22},"end":{"line":84,"column":45}},"54":{"start":{"line":85,"column":24},"end":{"line":85,"column":53}},"55":{"start":{"line":86,"column":8},"end":{"line":86,"column":55}},"56":{"start":{"line":87,"column":8},"end":{"line":87,"column":75}},"57":{"start":{"line":89,"column":8},"end":{"line":89,"column":57}},"58":{"start":{"line":90,"column":8},"end":{"line":90,"column":75}},"59":{"start":{"line":92,"column":8},"end":{"line":92,"column":55}},"60":{"start":{"line":95,"column":4},"end":{"line":107,"column":6}},"61":{"start":{"line":96,"column":28},"end":{"line":96,"column":48}},"62":{"start":{"line":98,"column":8},"end":{"line":105,"column":9}},"63":{"start":{"line":99,"column":12},"end":{"line":99,"column":59}},"64":{"start":{"line":100,"column":12},"end":{"line":100,"column":58}},"65":{"start":{"line":102,"column":12},"end":{"line":102,"column":34}},"66":{"start":{"line":103,"column":12},"end":{"line":103,"column":59}},"67":{"start":{"line":104,"column":12},"end":{"line":104,"column":78}},"68":{"start":{"line":109,"column":4},"end":{"line":121,"column":6}},"69":{"start":{"line":110,"column":28},"end":{"line":110,"column":48}},"70":{"start":{"line":112,"column":8},"end":{"line":119,"column":9}},"71":{"start":{"line":113,"column":12},"end":{"line":113,"column":59}},"72":{"start":{"line":114,"column":12},"end":{"line":114,"column":58}},"73":{"start":{"line":116,"column":12},"end":{"line":116,"column":34}},"74":{"start":{"line":117,"column":12},"end":{"line":117,"column":59}},"75":{"start":{"line":118,"column":12},"end":{"line":118,"column":78}},"76":{"start":{"line":124,"column":4},"end":{"line":137,"column":6}},"77":{"start":{"line":125,"column":28},"end":{"line":125,"column":54}},"78":{"start":{"line":127,"column":8},"end":{"line":135,"column":9}},"79":{"start":{"line":128,"column":12},"end":{"line":128,"column":59}},"80":{"start":{"line":129,"column":12},"end":{"line":129,"column":58}},"81":{"start":{"line":131,"column":12},"end":{"line":131,"column":34}},"82":{"start":{"line":132,"column":12},"end":{"line":132,"column":60}},"83":{"start":{"line":133,"column":12},"end":{"line":133,"column":83}},"84":{"start":{"line":140,"column":4},"end":{"line":152,"column":6}},"85":{"start":{"line":141,"column":28},"end":{"line":141,"column":54}},"86":{"start":{"line":143,"column":8},"end":{"line":150,"column":9}},"87":{"start":{"line":144,"column":12},"end":{"line":144,"column":59}},"88":{"start":{"line":145,"column":12},"end":{"line":145,"column":58}},"89":{"start":{"line":147,"column":12},"end":{"line":147,"column":34}},"90":{"start":{"line":148,"column":12},"end":{"line":148,"column":60}},"91":{"start":{"line":149,"column":12},"end":{"line":149,"column":83}},"92":{"start":{"line":157,"column":4},"end":{"line":182,"column":6}},"93":{"start":{"line":159,"column":23},"end":{"line":159,"column":29}},"94":{"start":{"line":161,"column":8},"end":{"line":161,"column":84}},"95":{"start":{"line":161,"column":21},"end":{"line":161,"column":42}},"96":{"start":{"line":162,"column":8},"end":{"line":162,"column":90}},"97":{"start":{"line":162,"column":21},"end":{"line":162,"column":45}},"98":{"start":{"line":163,"column":8},"end":{"line":163,"column":84}},"99":{"start":{"line":163,"column":21},"end":{"line":163,"column":43}},"100":{"start":{"line":164,"column":8},"end":{"line":164,"column":99}},"101":{"start":{"line":164,"column":21},"end":{"line":164,"column":43}},"102":{"start":{"line":165,"column":8},"end":{"line":165,"column":100}},"103":{"start":{"line":165,"column":21},"end":{"line":165,"column":50}},"104":{"start":{"line":166,"column":8},"end":{"line":166,"column":90}},"105":{"start":{"line":166,"column":21},"end":{"line":166,"column":45}},"106":{"start":{"line":167,"column":8},"end":{"line":167,"column":97}},"107":{"start":{"line":167,"column":21},"end":{"line":167,"column":43}},"108":{"start":{"line":168,"column":8},"end":{"line":168,"column":102}},"109":{"start":{"line":168,"column":21},"end":{"line":168,"column":48}},"110":{"start":{"line":169,"column":8},"end":{"line":169,"column":102}},"111":{"start":{"line":169,"column":21},"end":{"line":169,"column":47}},"112":{"start":{"line":171,"column":8},"end":{"line":171,"column":94}},"113":{"start":{"line":171,"column":21},"end":{"line":171,"column":52}},"114":{"start":{"line":172,"column":8},"end":{"line":172,"column":100}},"115":{"start":{"line":172,"column":21},"end":{"line":172,"column":55}},"116":{"start":{"line":173,"column":8},"end":{"line":173,"column":94}},"117":{"start":{"line":173,"column":21},"end":{"line":173,"column":53}},"118":{"start":{"line":174,"column":8},"end":{"line":174,"column":109}},"119":{"start":{"line":174,"column":21},"end":{"line":174,"column":53}},"120":{"start":{"line":175,"column":8},"end":{"line":175,"column":110}},"121":{"start":{"line":175,"column":21},"end":{"line":175,"column":60}},"122":{"start":{"line":176,"column":8},"end":{"line":176,"column":100}},"123":{"start":{"line":176,"column":21},"end":{"line":176,"column":55}},"124":{"start":{"line":177,"column":8},"end":{"line":177,"column":109}},"125":{"start":{"line":177,"column":21},"end":{"line":177,"column":53}},"126":{"start":{"line":178,"column":8},"end":{"line":178,"column":114}},"127":{"start":{"line":178,"column":21},"end":{"line":178,"column":58}},"128":{"start":{"line":179,"column":8},"end":{"line":179,"column":112}},"129":{"start":{"line":179,"column":21},"end":{"line":179,"column":57}},"130":{"start":{"line":186,"column":4},"end":{"line":186,"column":103}},"131":{"start":{"line":186,"column":16},"end":{"line":186,"column":102}}},"fnMap":{"0":{"name":"(anonymous_0)","decl":{"start":{"line":11,"column":39},"end":{"line":11,"column":40}},"loc":{"start":{"line":11,"column":45},"end":{"line":187,"column":1}},"line":11},"1":{"name":"(anonymous_1)","decl":{"start":{"line":12,"column":11},"end":{"line":12,"column":12}},"loc":{"start":{"line":12,"column":17},"end":{"line":12,"column":46}},"line":12},"2":{"name":"(anonymous_2)","decl":{"start":{"line":16,"column":11},"end":{"line":16,"column":12}},"loc":{"start":{"line":16,"column":22},"end":{"line":37,"column":5}},"line":16},"3":{"name":"(anonymous_3)","decl":{"start":{"line":41,"column":89},"end":{"line":41,"column":90}},"loc":{"start":{"line":41,"column":100},"end":{"line":52,"column":5}},"line":41},"4":{"name":"(anonymous_4)","decl":{"start":{"line":55,"column":51},"end":{"line":55,"column":52}},"loc":{"start":{"line":55,"column":62},"end":{"line":76,"column":5}},"line":55},"5":{"name":"(anonymous_5)","decl":{"start":{"line":79,"column":100},"end":{"line":79,"column":101}},"loc":{"start":{"line":79,"column":111},"end":{"line":93,"column":5}},"line":79},"6":{"name":"(anonymous_6)","decl":{"start":{"line":95,"column":52},"end":{"line":95,"column":53}},"loc":{"start":{"line":95,"column":63},"end":{"line":107,"column":5}},"line":95},"7":{"name":"(anonymous_7)","decl":{"start":{"line":109,"column":53},"end":{"line":109,"column":54}},"loc":{"start":{"line":109,"column":64},"end":{"line":121,"column":5}},"line":109},"8":{"name":"(anonymous_8)","decl":{"start":{"line":124,"column":52},"end":{"line":124,"column":53}},"loc":{"start":{"line":124,"column":63},"end":{"line":137,"column":5}},"line":124},"9":{"name":"(anonymous_9)","decl":{"start":{"line":140,"column":51},"end":{"line":140,"column":52}},"loc":{"start":{"line":140,"column":62},"end":{"line":152,"column":5}},"line":140},"10":{"name":"(anonymous_10)","decl":{"start":{"line":157,"column":53},"end":{"line":157,"column":54}},"loc":{"start":{"line":157,"column":59},"end":{"line":182,"column":5}},"line":157},"11":{"name":"(anonymous_11)","decl":{"start":{"line":161,"column":15},"end":{"line":161,"column":16}},"loc":{"start":{"line":161,"column":21},"end":{"line":161,"column":42}},"line":161},"12":{"name":"(anonymous_12)","decl":{"start":{"line":162,"column":15},"end":{"line":162,"column":16}},"loc":{"start":{"line":162,"column":21},"end":{"line":162,"column":45}},"line":162},"13":{"name":"(anonymous_13)","decl":{"start":{"line":163,"column":15},"end":{"line":163,"column":16}},"loc":{"start":{"line":163,"column":21},"end":{"line":163,"column":43}},"line":163},"14":{"name":"(anonymous_14)","decl":{"start":{"line":164,"column":15},"end":{"line":164,"column":16}},"loc":{"start":{"line":164,"column":21},"end":{"line":164,"column":43}},"line":164},"15":{"name":"(anonymous_15)","decl":{"start":{"line":165,"column":15},"end":{"line":165,"column":16}},"loc":{"start":{"line":165,"column":21},"end":{"line":165,"column":50}},"line":165},"16":{"name":"(anonymous_16)","decl":{"start":{"line":166,"column":15},"end":{"line":166,"column":16}},"loc":{"start":{"line":166,"column":21},"end":{"line":166,"column":45}},"line":166},"17":{"name":"(anonymous_17)","decl":{"start":{"line":167,"column":15},"end":{"line":167,"column":16}},"loc":{"start":{"line":167,"column":21},"end":{"line":167,"column":43}},"line":167},"18":{"name":"(anonymous_18)","decl":{"start":{"line":168,"column":15},"end":{"line":168,"column":16}},"loc":{"start":{"line":168,"column":21},"end":{"line":168,"column":48}},"line":168},"19":{"name":"(anonymous_19)","decl":{"start":{"line":169,"column":15},"end":{"line":169,"column":16}},"loc":{"start":{"line":169,"column":21},"end":{"line":169,"column":47}},"line":169},"20":{"name":"(anonymous_20)","decl":{"start":{"line":171,"column":15},"end":{"line":171,"column":16}},"loc":{"start":{"line":171,"column":21},"end":{"line":171,"column":52}},"line":171},"21":{"name":"(anonymous_21)","decl":{"start":{"line":172,"column":15},"end":{"line":172,"column":16}},"loc":{"start":{"line":172,"column":21},"end":{"line":172,"column":55}},"line":172},"22":{"name":"(anonymous_22)","decl":{"start":{"line":173,"column":15},"end":{"line":173,"column":16}},"loc":{"start":{"line":173,"column":21},"end":{"line":173,"column":53}},"line":173},"23":{"name":"(anonymous_23)","decl":{"start":{"line":174,"column":15},"end":{"line":174,"column":16}},"loc":{"start":{"line":174,"column":21},"end":{"line":174,"column":53}},"line":174},"24":{"name":"(anonymous_24)","decl":{"start":{"line":175,"column":15},"end":{"line":175,"column":16}},"loc":{"start":{"line":175,"column":21},"end":{"line":175,"column":60}},"line":175},"25":{"name":"(anonymous_25)","decl":{"start":{"line":176,"column":15},"end":{"line":176,"column":16}},"loc":{"start":{"line":176,"column":21},"end":{"line":176,"column":55}},"line":176},"26":{"name":"(anonymous_26)","decl":{"start":{"line":177,"column":15},"end":{"line":177,"column":16}},"loc":{"start":{"line":177,"column":21},"end":{"line":177,"column":53}},"line":177},"27":{"name":"(anonymous_27)","decl":{"start":{"line":178,"column":15},"end":{"line":178,"column":16}},"loc":{"start":{"line":178,"column":21},"end":{"line":178,"column":58}},"line":178},"28":{"name":"(anonymous_28)","decl":{"start":{"line":179,"column":15},"end":{"line":179,"column":16}},"loc":{"start":{"line":179,"column":21},"end":{"line":179,"column":57}},"line":179},"29":{"name":"(anonymous_29)","decl":{"start":{"line":186,"column":10},"end":{"line":186,"column":11}},"loc":{"start":{"line":186,"column":16},"end":{"line":186,"column":102}},"line":186}},"branchMap":{"0":{"loc":{"start":{"line":21,"column":8},"end":{"line":21,"column":57}},"type":"cond-expr","locations":[{"start":{"line":21,"column":25},"end":{"line":21,"column":39}},{"start":{"line":21,"column":42},"end":{"line":21,"column":57}}],"line":21},"1":{"loc":{"start":{"line":26,"column":8},"end":{"line":26,"column":69}},"type":"cond-expr","locations":[{"start":{"line":26,"column":25},"end":{"line":26,"column":45}},{"start":{"line":26,"column":48},"end":{"line":26,"column":69}}],"line":26}},"s":{"0":1,"1":1,"2":1,"3":1,"4":1,"5":1,"6":1,"7":1,"8":1,"9":1,"10":1,"11":1,"12":1,"13":1,"14":1,"15":1,"16":1,"17":1,"18":1,"19":1,"20":1,"21":1,"22":1,"23":1,"24":1,"25":1,"26":1,"27":1,"28":1,"29":1,"30":1,"31":1,"32":1,"33":1,"34":1,"35":1,"36":1,"37":1,"38":1,"39":1,"40":1,"41":1,"42":1,"43":1,"44":1,"45":1,"46":1,"47":1,"48":1,"49":1,"50":1,"51":1,"52":1,"53":1,"54":1,"55":1,"56":1,"57":1,"58":1,"59":1,"60":1,"61":1,"62":1,"63":1,"64":0,"65":1,"66":1,"67":1,"68":1,"69":1,"70":1,"71":1,"72":0,"73":1,"74":1,"75":1,"76":1,"77":1,"78":1,"79":1,"80":0,"81":1,"82":1,"83":1,"84":1,"85":1,"86":1,"87":1,"88":0,"89":1,"90":1,"91":1,"92":1,"93":1,"94":1,"95":1,"96":1,"97":1,"98":1,"99":1,"100":1,"101":1,"102":1,"103":1,"104":1,"105":1,"106":1,"107":1,"108":1,"109":1,"110":1,"111":1,"112":1,"113":1,"114":1,"115":1,"116":1,"117":1,"118":1,"119":1,"120":1,"121":1,"122":1,"123":1,"124":1,"125":1,"126":1,"127":1,"128":1,"129":1,"130":1,"131":1},"f":{"0":1,"1":1,"2":1,"3":1,"4":1,"5":1,"6":1,"7":1,"8":1,"9":1,"10":1,"11":1,"12":1,"13":1,"14":1,"15":1,"16":1,"17":1,"18":1,"19":1,"20":1,"21":1,"22":1,"23":1,"24":1,"25":1,"26":1,"27":1,"28":1,"29":1},"b":{"0":[0,1],"1":[1,0]},"_coverageSchema":"43e27e138ebf9cfc5966b082cf9a028302ed4184","hash":"697fadaa2488db91adc984eaf756906187d5613a","contentHash":"7e175db23aa99b8480155eb3777ab1e9be88ad5db856d00172467ed8e02f8191"},"/home/martingarcia/Desktop/theatera-api/theatera-api/logic/check-friend-request/index.js":{"path":"/home/martingarcia/Desktop/theatera-api/theatera-api/logic/check-friend-request/index.js","statementMap":{"0":{"start":{"line":1,"column":77},"end":{"line":1,"column":101}},"1":{"start":{"line":2,"column":68},"end":{"line":2,"column":92}},"2":{"start":{"line":18,"column":0},"end":{"line":72,"column":1}},"3":{"start":{"line":19,"column":4},"end":{"line":19,"column":29}},"4":{"start":{"line":20,"column":4},"end":{"line":20,"column":49}},"5":{"start":{"line":21,"column":4},"end":{"line":21,"column":92}},"6":{"start":{"line":21,"column":37},"end":{"line":21,"column":92}},"7":{"start":{"line":23,"column":4},"end":{"line":23,"column":31}},"8":{"start":{"line":24,"column":4},"end":{"line":24,"column":53}},"9":{"start":{"line":25,"column":4},"end":{"line":25,"column":96}},"10":{"start":{"line":25,"column":39},"end":{"line":25,"column":96}},"11":{"start":{"line":26,"column":4},"end":{"line":71,"column":8}},"12":{"start":{"line":27,"column":23},"end":{"line":27,"column":52}},"13":{"start":{"line":28,"column":8},"end":{"line":28,"column":82}},"14":{"start":{"line":28,"column":21},"end":{"line":28,"column":82}},"15":{"start":{"line":30,"column":25},"end":{"line":30,"column":56}},"16":{"start":{"line":31,"column":8},"end":{"line":31,"column":86}},"17":{"start":{"line":31,"column":23},"end":{"line":31,"column":86}},"18":{"start":{"line":33,"column":8},"end":{"line":33,"column":79}},"19":{"start":{"line":33,"column":55},"end":{"line":33,"column":79}},"20":{"start":{"line":35,"column":38},"end":{"line":35,"column":134}},"21":{"start":{"line":36,"column":8},"end":{"line":36,"column":74}},"22":{"start":{"line":36,"column":35},"end":{"line":36,"column":74}},"23":{"start":{"line":38,"column":40},"end":{"line":38,"column":136}},"24":{"start":{"line":39,"column":8},"end":{"line":58,"column":9}},"25":{"start":{"line":40,"column":25},"end":{"line":40,"column":120}},"26":{"start":{"line":42,"column":12},"end":{"line":42,"column":100}},"27":{"start":{"line":42,"column":23},"end":{"line":42,"column":100}},"28":{"start":{"line":44,"column":12},"end":{"line":44,"column":57}},"29":{"start":{"line":45,"column":12},"end":{"line":45,"column":57}},"30":{"start":{"line":46,"column":25},"end":{"line":46,"column":33}},"31":{"start":{"line":48,"column":26},"end":{"line":48,"column":166}},"32":{"start":{"line":49,"column":12},"end":{"line":49,"column":44}},"33":{"start":{"line":51,"column":26},"end":{"line":51,"column":160}},"34":{"start":{"line":52,"column":12},"end":{"line":52,"column":46}},"35":{"start":{"line":54,"column":12},"end":{"line":54,"column":31}},"36":{"start":{"line":55,"column":12},"end":{"line":55,"column":33}},"37":{"start":{"line":57,"column":12},"end":{"line":57,"column":35}},"38":{"start":{"line":60,"column":8},"end":{"line":68,"column":9}},"39":{"start":{"line":61,"column":12},"end":{"line":61,"column":107}},"40":{"start":{"line":63,"column":25},"end":{"line":63,"column":202}},"41":{"start":{"line":64,"column":12},"end":{"line":64,"column":45}},"42":{"start":{"line":65,"column":12},"end":{"line":65,"column":33}},"43":{"start":{"line":67,"column":12},"end":{"line":67,"column":32}}},"fnMap":{"0":{"name":"(anonymous_0)","decl":{"start":{"line":18,"column":17},"end":{"line":18,"column":18}},"loc":{"start":{"line":18,"column":48},"end":{"line":72,"column":1}},"line":18},"1":{"name":"(anonymous_1)","decl":{"start":{"line":26,"column":12},"end":{"line":26,"column":13}},"loc":{"start":{"line":26,"column":23},"end":{"line":71,"column":5}},"line":26}},"branchMap":{"0":{"loc":{"start":{"line":21,"column":4},"end":{"line":21,"column":92}},"type":"if","locations":[{"start":{"line":21,"column":4},"end":{"line":21,"column":92}},{"start":{"line":21,"column":4},"end":{"line":21,"column":92}}],"line":21},"1":{"loc":{"start":{"line":25,"column":4},"end":{"line":25,"column":96}},"type":"if","locations":[{"start":{"line":25,"column":4},"end":{"line":25,"column":96}},{"start":{"line":25,"column":4},"end":{"line":25,"column":96}}],"line":25},"2":{"loc":{"start":{"line":28,"column":8},"end":{"line":28,"column":82}},"type":"if","locations":[{"start":{"line":28,"column":8},"end":{"line":28,"column":82}},{"start":{"line":28,"column":8},"end":{"line":28,"column":82}}],"line":28},"3":{"loc":{"start":{"line":31,"column":8},"end":{"line":31,"column":86}},"type":"if","locations":[{"start":{"line":31,"column":8},"end":{"line":31,"column":86}},{"start":{"line":31,"column":8},"end":{"line":31,"column":86}}],"line":31},"4":{"loc":{"start":{"line":33,"column":8},"end":{"line":33,"column":79}},"type":"if","locations":[{"start":{"line":33,"column":8},"end":{"line":33,"column":79}},{"start":{"line":33,"column":8},"end":{"line":33,"column":79}}],"line":33},"5":{"loc":{"start":{"line":36,"column":8},"end":{"line":36,"column":74}},"type":"if","locations":[{"start":{"line":36,"column":8},"end":{"line":36,"column":74}},{"start":{"line":36,"column":8},"end":{"line":36,"column":74}}],"line":36},"6":{"loc":{"start":{"line":39,"column":8},"end":{"line":58,"column":9}},"type":"if","locations":[{"start":{"line":39,"column":8},"end":{"line":58,"column":9}},{"start":{"line":39,"column":8},"end":{"line":58,"column":9}}],"line":39},"7":{"loc":{"start":{"line":42,"column":12},"end":{"line":42,"column":100}},"type":"if","locations":[{"start":{"line":42,"column":12},"end":{"line":42,"column":100}},{"start":{"line":42,"column":12},"end":{"line":42,"column":100}}],"line":42},"8":{"loc":{"start":{"line":60,"column":8},"end":{"line":68,"column":9}},"type":"if","locations":[{"start":{"line":60,"column":8},"end":{"line":68,"column":9}},{"start":{"line":60,"column":8},"end":{"line":68,"column":9}}],"line":60},"9":{"loc":{"start":{"line":60,"column":12},"end":{"line":60,"column":62}},"type":"binary-expr","locations":[{"start":{"line":60,"column":12},"end":{"line":60,"column":34}},{"start":{"line":60,"column":38},"end":{"line":60,"column":62}}],"line":60}},"s":{"0":1,"1":1,"2":1,"3":25,"4":19,"5":17,"6":2,"7":15,"8":9,"9":7,"10":2,"11":5,"12":5,"13":5,"14":1,"15":4,"16":4,"17":1,"18":3,"19":0,"20":3,"21":3,"22":1,"23":2,"24":2,"25":1,"26":1,"27":0,"28":1,"29":1,"30":1,"31":1,"32":1,"33":1,"34":1,"35":1,"36":1,"37":1,"38":1,"39":1,"40":1,"41":1,"42":1,"43":1},"f":{"0":25,"1":5},"b":{"0":[2,15],"1":[2,5],"2":[1,4],"3":[1,3],"4":[0,3],"5":[1,2],"6":[1,1],"7":[0,1],"8":[1,0],"9":[1,1]},"_coverageSchema":"43e27e138ebf9cfc5966b082cf9a028302ed4184","hash":"ea4214e1db2b07766d63fd81c52919b652752d3c","contentHash":"0d1963e66e8c5ac5ac468a084816ac5fd662479c17ab642bd71a8cbba0e6b87c"},"/home/martingarcia/Desktop/theatera-api/theatera-api/logic/create-chat/index.spec.js":{"path":"/home/martingarcia/Desktop/theatera-api/theatera-api/logic/create-chat/index.spec.js","statementMap":{"0":{"start":{"line":1,"column":0},"end":{"line":1,"column":26}},"1":{"start":{"line":2,"column":33},"end":{"line":2,"column":40}},"2":{"start":{"line":3,"column":19},"end":{"line":3,"column":34}},"3":{"start":{"line":4,"column":19},"end":{"line":4,"column":23}},"4":{"start":{"line":5,"column":19},"end":{"line":5,"column":31}},"5":{"start":{"line":6,"column":52},"end":{"line":6,"column":76}},"6":{"start":{"line":7,"column":55},"end":{"line":7,"column":79}},"7":{"start":{"line":9,"column":0},"end":{"line":105,"column":2}},"8":{"start":{"line":10,"column":4},"end":{"line":10,"column":47}},"9":{"start":{"line":10,"column":17},"end":{"line":10,"column":46}},"10":{"start":{"line":14,"column":4},"end":{"line":29,"column":6}},"11":{"start":{"line":15,"column":8},"end":{"line":15,"column":31}},"12":{"start":{"line":18,"column":8},"end":{"line":18,"column":33}},"13":{"start":{"line":19,"column":8},"end":{"line":19,"column":44}},"14":{"start":{"line":20,"column":8},"end":{"line":20,"column":41}},"15":{"start":{"line":21,"column":8},"end":{"line":21,"column":22}},"16":{"start":{"line":23,"column":22},"end":{"line":23,"column":71}},"17":{"start":{"line":24,"column":8},"end":{"line":24,"column":22}},"18":{"start":{"line":26,"column":22},"end":{"line":26,"column":71}},"19":{"start":{"line":27,"column":8},"end":{"line":27,"column":22}},"20":{"start":{"line":31,"column":4},"end":{"line":41,"column":6}},"21":{"start":{"line":32,"column":23},"end":{"line":32,"column":49}},"22":{"start":{"line":34,"column":8},"end":{"line":34,"column":31}},"23":{"start":{"line":35,"column":8},"end":{"line":35,"column":40}},"24":{"start":{"line":37,"column":21},"end":{"line":37,"column":48}},"25":{"start":{"line":39,"column":8},"end":{"line":39,"column":51}},"26":{"start":{"line":40,"column":8},"end":{"line":40,"column":51}},"27":{"start":{"line":43,"column":4},"end":{"line":55,"column":6}},"28":{"start":{"line":45,"column":23},"end":{"line":45,"column":44}},"29":{"start":{"line":46,"column":8},"end":{"line":54,"column":9}},"30":{"start":{"line":47,"column":27},"end":{"line":47,"column":56}},"31":{"start":{"line":49,"column":12},"end":{"line":49,"column":54}},"32":{"start":{"line":51,"column":12},"end":{"line":51,"column":34}},"33":{"start":{"line":52,"column":12},"end":{"line":52,"column":60}},"34":{"start":{"line":53,"column":12},"end":{"line":53,"column":78}},"35":{"start":{"line":57,"column":4},"end":{"line":69,"column":6}},"36":{"start":{"line":59,"column":23},"end":{"line":59,"column":44}},"37":{"start":{"line":60,"column":8},"end":{"line":68,"column":9}},"38":{"start":{"line":61,"column":27},"end":{"line":61,"column":56}},"39":{"start":{"line":63,"column":12},"end":{"line":63,"column":54}},"40":{"start":{"line":65,"column":12},"end":{"line":65,"column":34}},"41":{"start":{"line":66,"column":12},"end":{"line":66,"column":60}},"42":{"start":{"line":67,"column":12},"end":{"line":67,"column":78}},"43":{"start":{"line":72,"column":4},"end":{"line":101,"column":6}},"44":{"start":{"line":74,"column":23},"end":{"line":74,"column":29}},"45":{"start":{"line":77,"column":8},"end":{"line":77,"column":76}},"46":{"start":{"line":77,"column":21},"end":{"line":77,"column":34}},"47":{"start":{"line":78,"column":8},"end":{"line":78,"column":82}},"48":{"start":{"line":78,"column":21},"end":{"line":78,"column":37}},"49":{"start":{"line":79,"column":8},"end":{"line":79,"column":76}},"50":{"start":{"line":79,"column":21},"end":{"line":79,"column":35}},"51":{"start":{"line":80,"column":8},"end":{"line":80,"column":91}},"52":{"start":{"line":80,"column":21},"end":{"line":80,"column":35}},"53":{"start":{"line":81,"column":8},"end":{"line":81,"column":92}},"54":{"start":{"line":81,"column":21},"end":{"line":81,"column":42}},"55":{"start":{"line":82,"column":8},"end":{"line":82,"column":82}},"56":{"start":{"line":82,"column":21},"end":{"line":82,"column":37}},"57":{"start":{"line":84,"column":8},"end":{"line":84,"column":88}},"58":{"start":{"line":84,"column":21},"end":{"line":84,"column":35}},"59":{"start":{"line":85,"column":8},"end":{"line":85,"column":93}},"60":{"start":{"line":85,"column":21},"end":{"line":85,"column":40}},"61":{"start":{"line":86,"column":8},"end":{"line":86,"column":94}},"62":{"start":{"line":86,"column":21},"end":{"line":86,"column":39}},"63":{"start":{"line":90,"column":8},"end":{"line":90,"column":81}},"64":{"start":{"line":90,"column":21},"end":{"line":90,"column":39}},"65":{"start":{"line":91,"column":8},"end":{"line":91,"column":87}},"66":{"start":{"line":91,"column":21},"end":{"line":91,"column":42}},"67":{"start":{"line":92,"column":8},"end":{"line":92,"column":81}},"68":{"start":{"line":92,"column":21},"end":{"line":92,"column":40}},"69":{"start":{"line":93,"column":8},"end":{"line":93,"column":96}},"70":{"start":{"line":93,"column":21},"end":{"line":93,"column":40}},"71":{"start":{"line":94,"column":8},"end":{"line":94,"column":97}},"72":{"start":{"line":94,"column":21},"end":{"line":94,"column":47}},"73":{"start":{"line":95,"column":8},"end":{"line":95,"column":87}},"74":{"start":{"line":95,"column":21},"end":{"line":95,"column":42}},"75":{"start":{"line":97,"column":8},"end":{"line":97,"column":93}},"76":{"start":{"line":97,"column":21},"end":{"line":97,"column":40}},"77":{"start":{"line":98,"column":8},"end":{"line":98,"column":98}},"78":{"start":{"line":98,"column":21},"end":{"line":98,"column":45}},"79":{"start":{"line":99,"column":8},"end":{"line":99,"column":99}},"80":{"start":{"line":99,"column":21},"end":{"line":99,"column":44}},"81":{"start":{"line":104,"column":4},"end":{"line":104,"column":94}},"82":{"start":{"line":104,"column":16},"end":{"line":104,"column":93}}},"fnMap":{"0":{"name":"(anonymous_0)","decl":{"start":{"line":9,"column":43},"end":{"line":9,"column":44}},"loc":{"start":{"line":9,"column":49},"end":{"line":105,"column":1}},"line":9},"1":{"name":"(anonymous_1)","decl":{"start":{"line":10,"column":11},"end":{"line":10,"column":12}},"loc":{"start":{"line":10,"column":17},"end":{"line":10,"column":46}},"line":10},"2":{"name":"(anonymous_2)","decl":{"start":{"line":14,"column":15},"end":{"line":14,"column":16}},"loc":{"start":{"line":14,"column":26},"end":{"line":29,"column":5}},"line":14},"3":{"name":"(anonymous_3)","decl":{"start":{"line":31,"column":44},"end":{"line":31,"column":45}},"loc":{"start":{"line":31,"column":55},"end":{"line":41,"column":5}},"line":31},"4":{"name":"(anonymous_4)","decl":{"start":{"line":43,"column":39},"end":{"line":43,"column":40}},"loc":{"start":{"line":43,"column":50},"end":{"line":55,"column":5}},"line":43},"5":{"name":"(anonymous_5)","decl":{"start":{"line":57,"column":39},"end":{"line":57,"column":40}},"loc":{"start":{"line":57,"column":50},"end":{"line":69,"column":5}},"line":57},"6":{"name":"(anonymous_6)","decl":{"start":{"line":72,"column":98},"end":{"line":72,"column":99}},"loc":{"start":{"line":72,"column":104},"end":{"line":101,"column":5}},"line":72},"7":{"name":"(anonymous_7)","decl":{"start":{"line":77,"column":15},"end":{"line":77,"column":16}},"loc":{"start":{"line":77,"column":21},"end":{"line":77,"column":34}},"line":77},"8":{"name":"(anonymous_8)","decl":{"start":{"line":78,"column":15},"end":{"line":78,"column":16}},"loc":{"start":{"line":78,"column":21},"end":{"line":78,"column":37}},"line":78},"9":{"name":"(anonymous_9)","decl":{"start":{"line":79,"column":15},"end":{"line":79,"column":16}},"loc":{"start":{"line":79,"column":21},"end":{"line":79,"column":35}},"line":79},"10":{"name":"(anonymous_10)","decl":{"start":{"line":80,"column":15},"end":{"line":80,"column":16}},"loc":{"start":{"line":80,"column":21},"end":{"line":80,"column":35}},"line":80},"11":{"name":"(anonymous_11)","decl":{"start":{"line":81,"column":15},"end":{"line":81,"column":16}},"loc":{"start":{"line":81,"column":21},"end":{"line":81,"column":42}},"line":81},"12":{"name":"(anonymous_12)","decl":{"start":{"line":82,"column":15},"end":{"line":82,"column":16}},"loc":{"start":{"line":82,"column":21},"end":{"line":82,"column":37}},"line":82},"13":{"name":"(anonymous_13)","decl":{"start":{"line":84,"column":15},"end":{"line":84,"column":16}},"loc":{"start":{"line":84,"column":21},"end":{"line":84,"column":35}},"line":84},"14":{"name":"(anonymous_14)","decl":{"start":{"line":85,"column":15},"end":{"line":85,"column":16}},"loc":{"start":{"line":85,"column":21},"end":{"line":85,"column":40}},"line":85},"15":{"name":"(anonymous_15)","decl":{"start":{"line":86,"column":15},"end":{"line":86,"column":16}},"loc":{"start":{"line":86,"column":21},"end":{"line":86,"column":39}},"line":86},"16":{"name":"(anonymous_16)","decl":{"start":{"line":90,"column":15},"end":{"line":90,"column":16}},"loc":{"start":{"line":90,"column":21},"end":{"line":90,"column":39}},"line":90},"17":{"name":"(anonymous_17)","decl":{"start":{"line":91,"column":15},"end":{"line":91,"column":16}},"loc":{"start":{"line":91,"column":21},"end":{"line":91,"column":42}},"line":91},"18":{"name":"(anonymous_18)","decl":{"start":{"line":92,"column":15},"end":{"line":92,"column":16}},"loc":{"start":{"line":92,"column":21},"end":{"line":92,"column":40}},"line":92},"19":{"name":"(anonymous_19)","decl":{"start":{"line":93,"column":15},"end":{"line":93,"column":16}},"loc":{"start":{"line":93,"column":21},"end":{"line":93,"column":40}},"line":93},"20":{"name":"(anonymous_20)","decl":{"start":{"line":94,"column":15},"end":{"line":94,"column":16}},"loc":{"start":{"line":94,"column":21},"end":{"line":94,"column":47}},"line":94},"21":{"name":"(anonymous_21)","decl":{"start":{"line":95,"column":15},"end":{"line":95,"column":16}},"loc":{"start":{"line":95,"column":21},"end":{"line":95,"column":42}},"line":95},"22":{"name":"(anonymous_22)","decl":{"start":{"line":97,"column":15},"end":{"line":97,"column":16}},"loc":{"start":{"line":97,"column":21},"end":{"line":97,"column":40}},"line":97},"23":{"name":"(anonymous_23)","decl":{"start":{"line":98,"column":15},"end":{"line":98,"column":16}},"loc":{"start":{"line":98,"column":21},"end":{"line":98,"column":45}},"line":98},"24":{"name":"(anonymous_24)","decl":{"start":{"line":99,"column":15},"end":{"line":99,"column":16}},"loc":{"start":{"line":99,"column":21},"end":{"line":99,"column":44}},"line":99},"25":{"name":"(anonymous_25)","decl":{"start":{"line":104,"column":10},"end":{"line":104,"column":11}},"loc":{"start":{"line":104,"column":16},"end":{"line":104,"column":93}},"line":104}},"branchMap":{},"s":{"0":1,"1":1,"2":1,"3":1,"4":1,"5":1,"6":1,"7":1,"8":1,"9":1,"10":1,"11":4,"12":4,"13":4,"14":4,"15":4,"16":4,"17":4,"18":4,"19":4,"20":1,"21":1,"22":1,"23":1,"24":1,"25":1,"26":1,"27":1,"28":1,"29":1,"30":1,"31":0,"32":1,"33":1,"34":1,"35":1,"36":1,"37":1,"38":1,"39":0,"40":1,"41":1,"42":1,"43":1,"44":1,"45":1,"46":1,"47":1,"48":1,"49":1,"50":1,"51":1,"52":1,"53":1,"54":1,"55":1,"56":1,"57":1,"58":1,"59":1,"60":1,"61":1,"62":1,"63":1,"64":1,"65":1,"66":1,"67":1,"68":1,"69":1,"70":1,"71":1,"72":1,"73":1,"74":1,"75":1,"76":1,"77":1,"78":1,"79":1,"80":1,"81":1,"82":1},"f":{"0":1,"1":1,"2":4,"3":1,"4":1,"5":1,"6":1,"7":1,"8":1,"9":1,"10":1,"11":1,"12":1,"13":1,"14":1,"15":1,"16":1,"17":1,"18":1,"19":1,"20":1,"21":1,"22":1,"23":1,"24":1,"25":1},"b":{},"_coverageSchema":"43e27e138ebf9cfc5966b082cf9a028302ed4184","hash":"f389f557e170a863aa1c668c0a4bc08228c0aaf8","contentHash":"03235683c1e5277657e4056b359fe0a2708ca5d43d9b5c7e5efab2b5cab57dc1"},"/home/martingarcia/Desktop/theatera-api/theatera-api/logic/create-chat/index.js":{"path":"/home/martingarcia/Desktop/theatera-api/theatera-api/logic/create-chat/index.js","statementMap":{"0":{"start":{"line":1,"column":62},"end":{"line":1,"column":86}},"1":{"start":{"line":2,"column":45},"end":{"line":2,"column":69}},"2":{"start":{"line":15,"column":0},"end":{"line":46,"column":1}},"3":{"start":{"line":16,"column":2},"end":{"line":16,"column":26}},"4":{"start":{"line":17,"column":2},"end":{"line":17,"column":45}},"5":{"start":{"line":18,"column":2},"end":{"line":18,"column":88}},"6":{"start":{"line":18,"column":34},"end":{"line":18,"column":88}},"7":{"start":{"line":20,"column":2},"end":{"line":20,"column":26}},"8":{"start":{"line":21,"column":2},"end":{"line":21,"column":45}},"9":{"start":{"line":22,"column":2},"end":{"line":22,"column":88}},"10":{"start":{"line":22,"column":34},"end":{"line":22,"column":88}},"11":{"start":{"line":25,"column":2},"end":{"line":44,"column":6}},"12":{"start":{"line":26,"column":20},"end":{"line":26,"column":48}},"13":{"start":{"line":27,"column":6},"end":{"line":27,"column":78}},"14":{"start":{"line":27,"column":18},"end":{"line":27,"column":78}},"15":{"start":{"line":29,"column":20},"end":{"line":29,"column":48}},"16":{"start":{"line":30,"column":6},"end":{"line":30,"column":78}},"17":{"start":{"line":30,"column":18},"end":{"line":30,"column":78}},"18":{"start":{"line":32,"column":20},"end":{"line":37,"column":10}},"19":{"start":{"line":39,"column":6},"end":{"line":39,"column":40}},"20":{"start":{"line":39,"column":17},"end":{"line":39,"column":40}},"21":{"start":{"line":41,"column":6},"end":{"line":41,"column":81}},"22":{"start":{"line":43,"column":6},"end":{"line":43,"column":20}}},"fnMap":{"0":{"name":"(anonymous_0)","decl":{"start":{"line":15,"column":17},"end":{"line":15,"column":18}},"loc":{"start":{"line":15,"column":44},"end":{"line":46,"column":1}},"line":15},"1":{"name":"(anonymous_1)","decl":{"start":{"line":25,"column":10},"end":{"line":25,"column":11}},"loc":{"start":{"line":25,"column":21},"end":{"line":44,"column":3}},"line":25}},"branchMap":{"0":{"loc":{"start":{"line":18,"column":2},"end":{"line":18,"column":88}},"type":"if","locations":[{"start":{"line":18,"column":2},"end":{"line":18,"column":88}},{"start":{"line":18,"column":2},"end":{"line":18,"column":88}}],"line":18},"1":{"loc":{"start":{"line":22,"column":2},"end":{"line":22,"column":88}},"type":"if","locations":[{"start":{"line":22,"column":2},"end":{"line":22,"column":88}},{"start":{"line":22,"column":2},"end":{"line":22,"column":88}}],"line":22},"2":{"loc":{"start":{"line":27,"column":6},"end":{"line":27,"column":78}},"type":"if","locations":[{"start":{"line":27,"column":6},"end":{"line":27,"column":78}},{"start":{"line":27,"column":6},"end":{"line":27,"column":78}}],"line":27},"3":{"loc":{"start":{"line":30,"column":6},"end":{"line":30,"column":78}},"type":"if","locations":[{"start":{"line":30,"column":6},"end":{"line":30,"column":78}},{"start":{"line":30,"column":6},"end":{"line":30,"column":78}}],"line":30},"4":{"loc":{"start":{"line":39,"column":6},"end":{"line":39,"column":40}},"type":"if","locations":[{"start":{"line":39,"column":6},"end":{"line":39,"column":40}},{"start":{"line":39,"column":6},"end":{"line":39,"column":40}}],"line":39}},"s":{"0":1,"1":1,"2":1,"3":21,"4":15,"5":13,"6":1,"7":12,"8":6,"9":4,"10":1,"11":3,"12":3,"13":3,"14":1,"15":2,"16":2,"17":1,"18":1,"19":1,"20":0,"21":1,"22":1},"f":{"0":21,"1":3},"b":{"0":[1,12],"1":[1,3],"2":[1,2],"3":[1,1],"4":[0,1]},"_coverageSchema":"43e27e138ebf9cfc5966b082cf9a028302ed4184","hash":"03d262e751d8bbfdc361aff208a2ac5f8e26d781","contentHash":"589442f7df22ee759b8d875d063c71e5eb62638e43d2149d320f63fb13560711"},"/home/martingarcia/Desktop/theatera-api/theatera-api/logic/create-experience-item/index.spec.js":{"path":"/home/martingarcia/Desktop/theatera-api/theatera-api/logic/create-experience-item/index.spec.js","statementMap":{"0":{"start":{"line":1,"column":0},"end":{"line":1,"column":26}},"1":{"start":{"line":2,"column":33},"end":{"line":2,"column":40}},"2":{"start":{"line":3,"column":19},"end":{"line":3,"column":34}},"3":{"start":{"line":4,"column":19},"end":{"line":4,"column":23}},"4":{"start":{"line":5,"column":29},"end":{"line":5,"column":41}},"5":{"start":{"line":6,"column":38},"end":{"line":6,"column":62}},"6":{"start":{"line":7,"column":55},"end":{"line":7,"column":79}},"7":{"start":{"line":9,"column":0},"end":{"line":73,"column":2}},"8":{"start":{"line":10,"column":4},"end":{"line":10,"column":47}},"9":{"start":{"line":10,"column":17},"end":{"line":10,"column":46}},"10":{"start":{"line":14,"column":4},"end":{"line":34,"column":6}},"11":{"start":{"line":15,"column":8},"end":{"line":15,"column":33}},"12":{"start":{"line":16,"column":8},"end":{"line":16,"column":44}},"13":{"start":{"line":17,"column":8},"end":{"line":17,"column":41}},"14":{"start":{"line":18,"column":8},"end":{"line":18,"column":57}},"15":{"start":{"line":20,"column":8},"end":{"line":20,"column":35}},"16":{"start":{"line":21,"column":8},"end":{"line":21,"column":33}},"17":{"start":{"line":22,"column":8},"end":{"line":22,"column":40}},"18":{"start":{"line":23,"column":8},"end":{"line":23,"column":42}},"19":{"start":{"line":24,"column":8},"end":{"line":24,"column":58}},"20":{"start":{"line":28,"column":8},"end":{"line":28,"column":75}},"21":{"start":{"line":31,"column":21},"end":{"line":31,"column":70}},"22":{"start":{"line":32,"column":8},"end":{"line":32,"column":24}},"23":{"start":{"line":36,"column":4},"end":{"line":67,"column":6}},"24":{"start":{"line":38,"column":29},"end":{"line":38,"column":102}},"25":{"start":{"line":39,"column":20},"end":{"line":39,"column":47}},"26":{"start":{"line":40,"column":8},"end":{"line":40,"column":37}},"27":{"start":{"line":41,"column":8},"end":{"line":41,"column":46}},"28":{"start":{"line":42,"column":8},"end":{"line":42,"column":58}},"29":{"start":{"line":45,"column":27},"end":{"line":45,"column":57}},"30":{"start":{"line":47,"column":8},"end":{"line":47,"column":35}},"31":{"start":{"line":49,"column":8},"end":{"line":49,"column":41}},"32":{"start":{"line":50,"column":8},"end":{"line":50,"column":50}},"33":{"start":{"line":51,"column":8},"end":{"line":51,"column":62}},"34":{"start":{"line":52,"column":8},"end":{"line":52,"column":51}},"35":{"start":{"line":54,"column":8},"end":{"line":54,"column":40}},"36":{"start":{"line":55,"column":8},"end":{"line":55,"column":49}},"37":{"start":{"line":56,"column":8},"end":{"line":56,"column":61}},"38":{"start":{"line":57,"column":8},"end":{"line":57,"column":49}},"39":{"start":{"line":59,"column":8},"end":{"line":59,"column":52}},"40":{"start":{"line":60,"column":8},"end":{"line":60,"column":43}},"41":{"start":{"line":61,"column":8},"end":{"line":61,"column":55}},"42":{"start":{"line":63,"column":8},"end":{"line":63,"column":45}},"43":{"start":{"line":64,"column":8},"end":{"line":64,"column":54}},"44":{"start":{"line":65,"column":8},"end":{"line":65,"column":59}},"45":{"start":{"line":71,"column":4},"end":{"line":71,"column":60}},"46":{"start":{"line":71,"column":16},"end":{"line":71,"column":59}}},"fnMap":{"0":{"name":"(anonymous_0)","decl":{"start":{"line":9,"column":41},"end":{"line":9,"column":42}},"loc":{"start":{"line":9,"column":47},"end":{"line":73,"column":1}},"line":9},"1":{"name":"(anonymous_1)","decl":{"start":{"line":10,"column":11},"end":{"line":10,"column":12}},"loc":{"start":{"line":10,"column":17},"end":{"line":10,"column":46}},"line":10},"2":{"name":"(anonymous_2)","decl":{"start":{"line":14,"column":15},"end":{"line":14,"column":16}},"loc":{"start":{"line":14,"column":26},"end":{"line":34,"column":5}},"line":14},"3":{"name":"(anonymous_3)","decl":{"start":{"line":36,"column":40},"end":{"line":36,"column":41}},"loc":{"start":{"line":36,"column":51},"end":{"line":67,"column":5}},"line":36},"4":{"name":"(anonymous_4)","decl":{"start":{"line":71,"column":10},"end":{"line":71,"column":11}},"loc":{"start":{"line":71,"column":16},"end":{"line":71,"column":59}},"line":71}},"branchMap":{"0":{"loc":{"start":{"line":18,"column":8},"end":{"line":18,"column":57}},"type":"cond-expr","locations":[{"start":{"line":18,"column":25},"end":{"line":18,"column":40}},{"start":{"line":18,"column":43},"end":{"line":18,"column":57}}],"line":18},"1":{"loc":{"start":{"line":24,"column":8},"end":{"line":24,"column":58}},"type":"cond-expr","locations":[{"start":{"line":24,"column":25},"end":{"line":24,"column":37}},{"start":{"line":24,"column":40},"end":{"line":24,"column":58}}],"line":24}},"s":{"0":1,"1":1,"2":1,"3":1,"4":1,"5":1,"6":1,"7":1,"8":1,"9":1,"10":1,"11":1,"12":1,"13":1,"14":1,"15":1,"16":1,"17":1,"18":1,"19":1,"20":1,"21":1,"22":1,"23":1,"24":1,"25":1,"26":1,"27":1,"28":1,"29":1,"30":1,"31":1,"32":1,"33":1,"34":1,"35":1,"36":1,"37":1,"38":1,"39":1,"40":1,"41":1,"42":1,"43":1,"44":1,"45":1,"46":1},"f":{"0":1,"1":1,"2":1,"3":1,"4":1},"b":{"0":[1,0],"1":[0,1]},"_coverageSchema":"43e27e138ebf9cfc5966b082cf9a028302ed4184","hash":"a97126b9d01df0062ae98294a7dfb7fc9711d31a","contentHash":"0e8d0117d14b2f9ea00a2cdfa321b944352624ea3f6beffe021895bfc3c19238"},"/home/martingarcia/Desktop/theatera-api/theatera-api/logic/create-experience-item/index.js":{"path":"/home/martingarcia/Desktop/theatera-api/theatera-api/logic/create-experience-item/index.js","statementMap":{"0":{"start":{"line":1,"column":63},"end":{"line":1,"column":87}},"1":{"start":{"line":2,"column":55},"end":{"line":2,"column":79}},"2":{"start":{"line":18,"column":0},"end":{"line":49,"column":1}},"3":{"start":{"line":19,"column":4},"end":{"line":19,"column":27}},"4":{"start":{"line":20,"column":4},"end":{"line":20,"column":45}},"5":{"start":{"line":21,"column":4},"end":{"line":21,"column":88}},"6":{"start":{"line":21,"column":35},"end":{"line":21,"column":88}},"7":{"start":{"line":23,"column":4},"end":{"line":23,"column":26}},"8":{"start":{"line":24,"column":4},"end":{"line":24,"column":43}},"9":{"start":{"line":26,"column":4},"end":{"line":26,"column":25}},"10":{"start":{"line":27,"column":4},"end":{"line":27,"column":41}},"11":{"start":{"line":29,"column":4},"end":{"line":29,"column":28}},"12":{"start":{"line":30,"column":4},"end":{"line":30,"column":30}},"13":{"start":{"line":32,"column":4},"end":{"line":46,"column":8}},"14":{"start":{"line":33,"column":21},"end":{"line":33,"column":48}},"15":{"start":{"line":34,"column":8},"end":{"line":34,"column":78}},"16":{"start":{"line":34,"column":19},"end":{"line":34,"column":78}},"17":{"start":{"line":36,"column":8},"end":{"line":36,"column":34}},"18":{"start":{"line":37,"column":8},"end":{"line":37,"column":39}},"19":{"start":{"line":39,"column":31},"end":{"line":39,"column":92}},"20":{"start":{"line":40,"column":8},"end":{"line":40,"column":70}},"21":{"start":{"line":40,"column":29},"end":{"line":40,"column":70}},"22":{"start":{"line":42,"column":8},"end":{"line":42,"column":50}},"23":{"start":{"line":43,"column":8},"end":{"line":43,"column":25}},"24":{"start":{"line":44,"column":8},"end":{"line":44,"column":32}}},"fnMap":{"0":{"name":"(anonymous_0)","decl":{"start":{"line":18,"column":17},"end":{"line":18,"column":18}},"loc":{"start":{"line":18,"column":73},"end":{"line":49,"column":1}},"line":18},"1":{"name":"(anonymous_1)","decl":{"start":{"line":32,"column":12},"end":{"line":32,"column":13}},"loc":{"start":{"line":32,"column":23},"end":{"line":46,"column":5}},"line":32}},"branchMap":{"0":{"loc":{"start":{"line":21,"column":4},"end":{"line":21,"column":88}},"type":"if","locations":[{"start":{"line":21,"column":4},"end":{"line":21,"column":88}},{"start":{"line":21,"column":4},"end":{"line":21,"column":88}}],"line":21},"1":{"loc":{"start":{"line":34,"column":8},"end":{"line":34,"column":78}},"type":"if","locations":[{"start":{"line":34,"column":8},"end":{"line":34,"column":78}},{"start":{"line":34,"column":8},"end":{"line":34,"column":78}}],"line":34},"2":{"loc":{"start":{"line":40,"column":8},"end":{"line":40,"column":70}},"type":"if","locations":[{"start":{"line":40,"column":8},"end":{"line":40,"column":70}},{"start":{"line":40,"column":8},"end":{"line":40,"column":70}}],"line":40}},"s":{"0":1,"1":1,"2":1,"3":1,"4":1,"5":1,"6":0,"7":1,"8":1,"9":1,"10":1,"11":1,"12":1,"13":1,"14":1,"15":1,"16":0,"17":1,"18":1,"19":1,"20":1,"21":0,"22":1,"23":1,"24":1},"f":{"0":1,"1":1},"b":{"0":[0,1],"1":[0,1],"2":[0,1]},"_coverageSchema":"43e27e138ebf9cfc5966b082cf9a028302ed4184","hash":"a0d4583105cb7c5a44e51917080c6cb745bd1af5","contentHash":"f7ef2b6f42fdf9d23806e5ff7b877b9e85f7f5f2f34f564ebfb7757cbee7a4e4"},"/home/martingarcia/Desktop/theatera-api/theatera-api/logic/create-post/index.spec.js":{"path":"/home/martingarcia/Desktop/theatera-api/theatera-api/logic/create-post/index.spec.js","statementMap":{"0":{"start":{"line":1,"column":0},"end":{"line":1,"column":26}},"1":{"start":{"line":2,"column":33},"end":{"line":2,"column":40}},"2":{"start":{"line":3,"column":19},"end":{"line":3,"column":34}},"3":{"start":{"line":4,"column":19},"end":{"line":4,"column":23}},"4":{"start":{"line":5,"column":19},"end":{"line":5,"column":31}},"5":{"start":{"line":6,"column":67},"end":{"line":6,"column":91}},"6":{"start":{"line":7,"column":55},"end":{"line":7,"column":79}},"7":{"start":{"line":9,"column":0},"end":{"line":88,"column":2}},"8":{"start":{"line":10,"column":4},"end":{"line":10,"column":47}},"9":{"start":{"line":10,"column":17},"end":{"line":10,"column":46}},"10":{"start":{"line":14,"column":4},"end":{"line":24,"column":6}},"11":{"start":{"line":15,"column":21},"end":{"line":15,"column":39}},"12":{"start":{"line":16,"column":22},"end":{"line":16,"column":50}},"13":{"start":{"line":17,"column":25},"end":{"line":17,"column":47}},"14":{"start":{"line":18,"column":8},"end":{"line":18,"column":57}},"15":{"start":{"line":20,"column":8},"end":{"line":20,"column":65}},"16":{"start":{"line":22,"column":19},"end":{"line":22,"column":68}},"17":{"start":{"line":23,"column":8},"end":{"line":23,"column":24}},"18":{"start":{"line":27,"column":4},"end":{"line":37,"column":6}},"19":{"start":{"line":28,"column":8},"end":{"line":28,"column":33}},"20":{"start":{"line":29,"column":8},"end":{"line":29,"column":24}},"21":{"start":{"line":31,"column":8},"end":{"line":31,"column":53}},"22":{"start":{"line":32,"column":8},"end":{"line":32,"column":43}},"23":{"start":{"line":34,"column":8},"end":{"line":34,"column":30}},"24":{"start":{"line":35,"column":8},"end":{"line":35,"column":35}},"25":{"start":{"line":36,"column":8},"end":{"line":36,"column":41}},"26":{"start":{"line":40,"column":4},"end":{"line":51,"column":6}},"27":{"start":{"line":41,"column":23},"end":{"line":41,"column":44}},"28":{"start":{"line":43,"column":8},"end":{"line":50,"column":9}},"29":{"start":{"line":44,"column":12},"end":{"line":44,"column":42}},"30":{"start":{"line":45,"column":12},"end":{"line":45,"column":58}},"31":{"start":{"line":47,"column":12},"end":{"line":47,"column":34}},"32":{"start":{"line":48,"column":12},"end":{"line":48,"column":60}},"33":{"start":{"line":49,"column":12},"end":{"line":49,"column":78}},"34":{"start":{"line":55,"column":4},"end":{"line":82,"column":6}},"35":{"start":{"line":57,"column":8},"end":{"line":57,"column":76}},"36":{"start":{"line":57,"column":21},"end":{"line":57,"column":34}},"37":{"start":{"line":58,"column":8},"end":{"line":58,"column":82}},"38":{"start":{"line":58,"column":21},"end":{"line":58,"column":37}},"39":{"start":{"line":59,"column":8},"end":{"line":59,"column":76}},"40":{"start":{"line":59,"column":21},"end":{"line":59,"column":35}},"41":{"start":{"line":60,"column":8},"end":{"line":60,"column":91}},"42":{"start":{"line":60,"column":21},"end":{"line":60,"column":35}},"43":{"start":{"line":61,"column":8},"end":{"line":61,"column":92}},"44":{"start":{"line":61,"column":21},"end":{"line":61,"column":42}},"45":{"start":{"line":62,"column":8},"end":{"line":62,"column":82}},"46":{"start":{"line":62,"column":21},"end":{"line":62,"column":37}},"47":{"start":{"line":63,"column":8},"end":{"line":63,"column":87}},"48":{"start":{"line":63,"column":21},"end":{"line":63,"column":35}},"49":{"start":{"line":64,"column":8},"end":{"line":64,"column":92}},"50":{"start":{"line":64,"column":21},"end":{"line":64,"column":40}},"51":{"start":{"line":66,"column":8},"end":{"line":66,"column":84}},"52":{"start":{"line":66,"column":21},"end":{"line":66,"column":42}},"53":{"start":{"line":67,"column":8},"end":{"line":67,"column":90}},"54":{"start":{"line":67,"column":21},"end":{"line":67,"column":45}},"55":{"start":{"line":68,"column":8},"end":{"line":68,"column":84}},"56":{"start":{"line":68,"column":21},"end":{"line":68,"column":43}},"57":{"start":{"line":69,"column":8},"end":{"line":69,"column":99}},"58":{"start":{"line":69,"column":21},"end":{"line":69,"column":43}},"59":{"start":{"line":70,"column":8},"end":{"line":70,"column":100}},"60":{"start":{"line":70,"column":21},"end":{"line":70,"column":50}},"61":{"start":{"line":71,"column":8},"end":{"line":71,"column":90}},"62":{"start":{"line":71,"column":21},"end":{"line":71,"column":45}},"63":{"start":{"line":72,"column":8},"end":{"line":72,"column":93}},"64":{"start":{"line":72,"column":21},"end":{"line":72,"column":43}},"65":{"start":{"line":73,"column":8},"end":{"line":73,"column":98}},"66":{"start":{"line":73,"column":21},"end":{"line":73,"column":48}},"67":{"start":{"line":75,"column":8},"end":{"line":75,"column":90}},"68":{"start":{"line":75,"column":21},"end":{"line":75,"column":48}},"69":{"start":{"line":76,"column":8},"end":{"line":76,"column":96}},"70":{"start":{"line":76,"column":21},"end":{"line":76,"column":51}},"71":{"start":{"line":77,"column":8},"end":{"line":77,"column":90}},"72":{"start":{"line":77,"column":21},"end":{"line
[...]
line":183,"column":2}},"8":{"start":{"line":14,"column":4},"end":{"line":14,"column":47}},"9":{"start":{"line":14,"column":17},"end":{"line":14,"column":46}},"10":{"start":{"line":18,"column":4},"end":{"line":39,"column":6}},"11":{"start":{"line":19,"column":8},"end":{"line":19,"column":33}},"12":{"start":{"line":20,"column":8},"end":{"line":20,"column":44}},"13":{"start":{"line":21,"column":8},"end":{"line":21,"column":49}},"14":{"start":{"line":22,"column":8},"end":{"line":22,"column":47}},"15":{"start":{"line":23,"column":8},"end":{"line":23,"column":49}},"16":{"start":{"line":24,"column":8},"end":{"line":24,"column":35}},"17":{"start":{"line":25,"column":8},"end":{"line":25,"column":39}},"18":{"start":{"line":26,"column":8},"end":{"line":26,"column":33}},"19":{"start":{"line":27,"column":8},"end":{"line":27,"column":68}},"20":{"start":{"line":28,"column":8},"end":{"line":28,"column":25}},"21":{"start":{"line":29,"column":8},"end":{"line":29,"column":25}},"22":{"start":{"line":30,"column":8},"end":{"line":30,"column":22}},"23":{"start":{"line":31,"column":8},"end":{"line":31,"column":41}},"24":{"start":{"line":33,"column":8},"end":{"line":33,"column":31}},"25":{"start":{"line":34,"column":29},"end":{"line":34,"column":71}},"26":{"start":{"line":36,"column":8},"end":{"line":36,"column":127}},"27":{"start":{"line":38,"column":8},"end":{"line":38,"column":24}},"28":{"start":{"line":41,"column":4},"end":{"line":127,"column":6}},"29":{"start":{"line":42,"column":24},"end":{"line":42,"column":46}},"30":{"start":{"line":43,"column":32},"end":{"line":43,"column":62}},"31":{"start":{"line":44,"column":31},"end":{"line":44,"column":60}},"32":{"start":{"line":45,"column":24},"end":{"line":45,"column":46}},"33":{"start":{"line":48,"column":25},"end":{"line":48,"column":57}},"34":{"start":{"line":49,"column":25},"end":{"line":49,"column":48}},"35":{"start":{"line":50,"column":27},"end":{"line":50,"column":52}},"36":{"start":{"line":51,"column":29},"end":{"line":51,"column":55}},"37":{"start":{"line":52,"column":26},"end":{"line":52,"column":34}},"38":{"start":{"line":53,"column":26},"end":{"line":53,"column":34}},"39":{"start":{"line":54,"column":23},"end":{"line":54,"column":31}},"40":{"start":{"line":56,"column":8},"end":{"line":56,"column":68}},"41":{"start":{"line":57,"column":30},"end":{"line":63,"column":9}},"42":{"start":{"line":64,"column":25},"end":{"line":64,"column":232}},"43":{"start":{"line":65,"column":8},"end":{"line":65,"column":37}},"44":{"start":{"line":66,"column":22},"end":{"line":66,"column":49}},"45":{"start":{"line":67,"column":8},"end":{"line":67,"column":42}},"46":{"start":{"line":68,"column":8},"end":{"line":68,"column":51}},"47":{"start":{"line":69,"column":8},"end":{"line":69,"column":63}},"48":{"start":{"line":70,"column":8},"end":{"line":70,"column":58}},"49":{"start":{"line":72,"column":8},"end":{"line":72,"column":35}},"50":{"start":{"line":73,"column":8},"end":{"line":73,"column":44}},"51":{"start":{"line":74,"column":8},"end":{"line":74,"column":56}},"52":{"start":{"line":75,"column":8},"end":{"line":75,"column":44}},"53":{"start":{"line":77,"column":8},"end":{"line":77,"column":35}},"54":{"start":{"line":78,"column":8},"end":{"line":78,"column":44}},"55":{"start":{"line":79,"column":8},"end":{"line":79,"column":56}},"56":{"start":{"line":80,"column":8},"end":{"line":80,"column":44}},"57":{"start":{"line":82,"column":8},"end":{"line":82,"column":43}},"58":{"start":{"line":83,"column":8},"end":{"line":83,"column":52}},"59":{"start":{"line":84,"column":8},"end":{"line":84,"column":64}},"60":{"start":{"line":85,"column":8},"end":{"line":85,"column":60}},"61":{"start":{"line":87,"column":8},"end":{"line":87,"column":36}},"62":{"start":{"line":88,"column":8},"end":{"line":88,"column":45}},"63":{"start":{"line":89,"column":8},"end":{"line":89,"column":57}},"64":{"start":{"line":90,"column":8},"end":{"line":90,"column":46}},"65":{"start":{"line":92,"column":8},"end":{"line":92,"column":50}},"66":{"start":{"line":93,"column":8},"end":{"line":93,"column":59}},"67":{"start":{"line":94,"column":8},"end":{"line":94,"column":71}},"68":{"start":{"line":95,"column":8},"end":{"line":95,"column":61}},"69":{"start":{"line":97,"column":8},"end":{"line":97,"column":36}},"70":{"start":{"line":98,"column":8},"end":{"line":98,"column":45}},"71":{"start":{"line":99,"column":8},"end":{"line":99,"column":57}},"72":{"start":{"line":100,"column":8},"end":{"line":100,"column":46}},"73":{"start":{"line":102,"column":8},"end":{"line":102,"column":38}},"74":{"start":{"line":103,"column":8},"end":{"line":103,"column":47}},"75":{"start":{"line":104,"column":8},"end":{"line":104,"column":59}},"76":{"start":{"line":105,"column":8},"end":{"line":105,"column":50}},"77":{"start":{"line":107,"column":8},"end":{"line":107,"column":35}},"78":{"start":{"line":108,"column":8},"end":{"line":108,"column":44}},"79":{"start":{"line":109,"column":8},"end":{"line":109,"column":56}},"80":{"start":{"line":110,"column":8},"end":{"line":110,"column":44}},"81":{"start":{"line":112,"column":8},"end":{"line":112,"column":53}},"82":{"start":{"line":113,"column":8},"end":{"line":113,"column":62}},"83":{"start":{"line":114,"column":8},"end":{"line":114,"column":74}},"84":{"start":{"line":115,"column":8},"end":{"line":115,"column":72}},"85":{"start":{"line":116,"column":8},"end":{"line":116,"column":50}},"86":{"start":{"line":117,"column":8},"end":{"line":117,"column":59}},"87":{"start":{"line":118,"column":8},"end":{"line":118,"column":61}},"88":{"start":{"line":120,"column":8},"end":{"line":120,"column":50}},"89":{"start":{"line":121,"column":8},"end":{"line":121,"column":59}},"90":{"start":{"line":122,"column":8},"end":{"line":122,"column":61}},"91":{"start":{"line":124,"column":8},"end":{"line":124,"column":47}},"92":{"start":{"line":125,"column":8},"end":{"line":125,"column":56}},"93":{"start":{"line":126,"column":8},"end":{"line":126,"column":55}},"94":{"start":{"line":134,"column":4},"end":{"line":140,"column":6}},"95":{"start":{"line":135,"column":19},"end":{"line":135,"column":40}},"96":{"start":{"line":136,"column":21},"end":{"line":136,"column":23}},"97":{"start":{"line":138,"column":8},"end":{"line":138,"column":81}},"98":{"start":{"line":138,"column":21},"end":{"line":138,"column":35}},"99":{"start":{"line":139,"column":8},"end":{"line":139,"column":86}},"100":{"start":{"line":139,"column":21},"end":{"line":139,"column":40}},"101":{"start":{"line":142,"column":4},"end":{"line":178,"column":6}},"102":{"start":{"line":143,"column":24},"end":{"line":143,"column":46}},"103":{"start":{"line":144,"column":32},"end":{"line":144,"column":62}},"104":{"start":{"line":145,"column":31},"end":{"line":145,"column":60}},"105":{"start":{"line":146,"column":24},"end":{"line":146,"column":46}},"106":{"start":{"line":149,"column":25},"end":{"line":149,"column":57}},"107":{"start":{"line":150,"column":25},"end":{"line":150,"column":48}},"108":{"start":{"line":151,"column":27},"end":{"line":151,"column":52}},"109":{"start":{"line":152,"column":29},"end":{"line":152,"column":55}},"110":{"start":{"line":153,"column":26},"end":{"line":153,"column":34}},"111":{"start":{"line":154,"column":26},"end":{"line":154,"column":34}},"112":{"start":{"line":155,"column":23},"end":{"line":155,"column":31}},"113":{"start":{"line":158,"column":8},"end":{"line":158,"column":68}},"114":{"start":{"line":159,"column":30},"end":{"line":165,"column":9}},"115":{"start":{"line":166,"column":19},"end":{"line":166,"column":40}},"116":{"start":{"line":169,"column":8},"end":{"line":177,"column":9}},"117":{"start":{"line":171,"column":12},"end":{"line":171,"column":215}},"118":{"start":{"line":172,"column":12},"end":{"line":172,"column":58}},"119":{"start":{"line":174,"column":12},"end":{"line":174,"column":34}},"120":{"start":{"line":175,"column":12},"end":{"line":175,"column":60}},"121":{"start":{"line":176,"column":12},"end":{"line":176,"column":74}},"122":{"start":{"line":182,"column":4},"end":{"line":182,"column":60}},"123":{"start":{"line":182,"column":16},"end":{"line":182,"column":59}}},"fnMap":{"0":{"name":"(anonymous_0)","decl":{"start":{"line":13,"column":31},"end":{"line":13,"column":32}},"loc":{"start":{"line":13,"column":37},"end":{"line":183,"column":1}},"line":13},"1":{"name":"(anonymous_1)","decl":{"start":{"line":14,"column":11},"end":{"line":14,"column":12}},"loc":{"start":{"line":14,"column":17},"end":{"line":14,"column":46}},"line":14},"2":{"name":"(anonymous_2)","decl":{"start":{"line":18,"column":15},"end":{"line":18,"column":16}},"loc":{"start":{"line":18,"column":26},"end":{"line":39,"column":5}},"line":18},"3":{"name":"(anonymous_3)","decl":{"start":{"line":41,"column":42},"end":{"line":41,"column":43}},"loc":{"start":{"line":41,"column":53},"end":{"line":127,"column":5}},"line":41},"4":{"name":"(anonymous_4)","decl":{"start":{"line":134,"column":63},"end":{"line":134,"column":64}},"loc":{"start":{"line":134,"column":74},"end":{"line":140,"column":5}},"line":134},"5":{"name":"(anonymous_5)","decl":{"start":{"line":138,"column":15},"end":{"line":138,"column":16}},"loc":{"start":{"line":138,"column":21},"end":{"line":138,"column":35}},"line":138},"6":{"name":"(anonymous_6)","decl":{"start":{"line":139,"column":15},"end":{"line":139,"column":16}},"loc":{"start":{"line":139,"column":21},"end":{"line":139,"column":40}},"line":139},"7":{"name":"(anonymous_7)","decl":{"start":{"line":142,"column":63},"end":{"line":142,"column":64}},"loc":{"start":{"line":142,"column":74},"end":{"line":178,"column":5}},"line":142},"8":{"name":"(anonymous_8)","decl":{"start":{"line":182,"column":10},"end":{"line":182,"column":11}},"loc":{"start":{"line":182,"column":16},"end":{"line":182,"column":59}},"line":182}},"branchMap":{"0":{"loc":{"start":{"line":23,"column":17},"end":{"line":23,"column":49}},"type":"cond-expr","locations":[{"start":{"line":23,"column":34},"end":{"line":23,"column":39}},{"start":{"line":23,"column":42},"end":{"line":23,"column":49}}],"line":23},"1":{"loc":{"start":{"line":56,"column":8},"end":{"line":56,"column":68}},"type":"cond-expr","locations":[{"start":{"line":56,"column":29},"end":{"line":56,"column":46}},{"start":{"line":56,"column":49},"end":{"line":56,"column":68}}],"line":56},"2":{"loc":{"start":{"line":158,"column":8},"end":{"line":158,"column":68}},"type":"cond-expr","locations":[{"start":{"line":158,"column":29},"end":{"line":158,"column":46}},{"start":{"line":158,"column":49},"end":{"line":158,"column":68}}],"line":158}},"s":{"0":1,"1":1,"2":1,"3":1,"4":1,"5":1,"6":1,"7":1,"8":1,"9":1,"10":1,"11":3,"12":3,"13":3,"14":3,"15":3,"16":3,"17":3,"18":3,"19":3,"20":3,"21":3,"22":3,"23":3,"24":3,"25":3,"26":3,"27":3,"28":1,"29":1,"30":1,"31":1,"32":1,"33":1,"34":1,"35":1,"36":1,"37":1,"38":1,"39":1,"40":1,"41":1,"42":1,"43":1,"44":1,"45":1,"46":1,"47":1,"48":1,"49":1,"50":1,"51":1,"52":1,"53":1,"54":1,"55":1,"56":1,"57":1,"58":1,"59":1,"60":1,"61":1,"62":1,"63":1,"64":1,"65":1,"66":1,"67":1,"68":1,"69":1,"70":1,"71":1,"72":1,"73":1,"74":1,"75":1,"76":1,"77":1,"78":1,"79":1,"80":1,"81":1,"82":1,"83":1,"84":1,"85":1,"86":1,"87":1,"88":1,"89":1,"90":1,"91":1,"92":1,"93":1,"94":1,"95":1,"96":1,"97":1,"98":1,"99":1,"100":1,"101":1,"102":1,"103":1,"104":1,"105":1,"106":1,"107":1,"108":1,"109":1,"110":1,"111":1,"112":1,"113":1,"114":1,"115":1,"116":1,"117":1,"118":0,"119":1,"120":1,"121":1,"122":1,"123":1},"f":{"0":1,"1":1,"2":3,"3":1,"4":1,"5":1,"6":1,"7":1,"8":1},"b":{"0":[2,1],"1":[0,1],"2":[1,0]},"_coverageSchema":"43e27e138ebf9cfc5966b082cf9a028302ed4184","hash":"bd5190af6dd4754a9616de237cfcf4ab33a00e80","contentHash":"6108ed1748dcbe56986b4a79bc588a77ce68555953220cb31302df595a49e8ac"},"/home/martingarcia/Desktop/theatera-api/theatera-api/logic/update-user/index.js":{"path":"/home/martingarcia/Desktop/theatera-api/theatera-api/logic/update-user/index.js","statementMap":{"0":{"start":{"line":1,"column":48},"end":{"line":1,"column":72}},"1":{"start":{"line":2,"column":39},"end":{"line":2,"column":63}},"2":{"start":{"line":13,"column":0},"end":{"line":86,"column":1}},"3":{"start":{"line":15,"column":4},"end":{"line":15,"column":23}},"4":{"start":{"line":16,"column":4},"end":{"line":16,"column":37}},"5":{"start":{"line":17,"column":4},"end":{"line":17,"column":80}},"6":{"start":{"line":17,"column":31},"end":{"line":17,"column":80}},"7":{"start":{"line":20,"column":91},"end":{"line":20,"column":95}},"8":{"start":{"line":23,"column":4},"end":{"line":30,"column":5}},"9":{"start":{"line":24,"column":8},"end":{"line":24,"column":36}},"10":{"start":{"line":25,"column":8},"end":{"line":25,"column":35}},"11":{"start":{"line":26,"column":8},"end":{"line":26,"column":42}},"12":{"start":{"line":27,"column":8},"end":{"line":27,"column":36}},"13":{"start":{"line":28,"column":8},"end":{"line":28,"column":30}},"14":{"start":{"line":32,"column":4},"end":{"line":35,"column":5}},"15":{"start":{"line":33,"column":8},"end":{"line":33,"column":29}},"16":{"start":{"line":34,"column":8},"end":{"line":34,"column":45}},"17":{"start":{"line":36,"column":4},"end":{"line":39,"column":5}},"18":{"start":{"line":37,"column":8},"end":{"line":37,"column":37}},"19":{"start":{"line":38,"column":8},"end":{"line":38,"column":61}},"20":{"start":{"line":40,"column":4},"end":{"line":43,"column":5}},"21":{"start":{"line":41,"column":8},"end":{"line":41,"column":36}},"22":{"start":{"line":42,"column":8},"end":{"line":42,"column":59}},"23":{"start":{"line":44,"column":4},"end":{"line":47,"column":5}},"24":{"start":{"line":45,"column":8},"end":{"line":45,"column":29}},"25":{"start":{"line":46,"column":8},"end":{"line":46,"column":45}},"26":{"start":{"line":48,"column":4},"end":{"line":51,"column":5}},"27":{"start":{"line":49,"column":8},"end":{"line":49,"column":32}},"28":{"start":{"line":50,"column":8},"end":{"line":50,"column":51}},"29":{"start":{"line":52,"column":4},"end":{"line":55,"column":5}},"30":{"start":{"line":53,"column":8},"end":{"line":53,"column":30}},"31":{"start":{"line":54,"column":8},"end":{"line":54,"column":47}},"32":{"start":{"line":56,"column":4},"end":{"line":59,"column":5}},"33":{"start":{"line":57,"column":8},"end":{"line":57,"column":30}},"34":{"start":{"line":58,"column":8},"end":{"line":58,"column":47}},"35":{"start":{"line":60,"column":4},"end":{"line":64,"column":5}},"36":{"start":{"line":61,"column":8},"end":{"line":61,"column":31}},"37":{"start":{"line":62,"column":8},"end":{"line":62,"column":49}},"38":{"start":{"line":63,"column":8},"end":{"line":63,"column":58}},"39":{"start":{"line":65,"column":4},"end":{"line":67,"column":5}},"40":{"start":{"line":66,"column":8},"end":{"line":66,"column":28}},"41":{"start":{"line":68,"column":4},"end":{"line":70,"column":5}},"42":{"start":{"line":69,"column":8},"end":{"line":69,"column":31}},"43":{"start":{"line":71,"column":4},"end":{"line":73,"column":5}},"44":{"start":{"line":72,"column":8},"end":{"line":72,"column":31}},"45":{"start":{"line":74,"column":4},"end":{"line":76,"column":5}},"46":{"start":{"line":75,"column":8},"end":{"line":75,"column":34}},"47":{"start":{"line":79,"column":4},"end":{"line":85,"column":8}},"48":{"start":{"line":80,"column":21},"end":{"line":80,"column":44}},"49":{"start":{"line":81,"column":8},"end":{"line":81,"column":74}},"50":{"start":{"line":81,"column":19},"end":{"line":81,"column":74}},"51":{"start":{"line":83,"column":8},"end":{"line":83,"column":67}}},"fnMap":{"0":{"name":"(anonymous_0)","decl":{"start":{"line":13,"column":17},"end":{"line":13,"column":18}},"loc":{"start":{"line":13,"column":36},"end":{"line":86,"column":1}},"line":13},"1":{"name":"(anonymous_1)","decl":{"start":{"line":79,"column":12},"end":{"line":79,"column":13}},"loc":{"start":{"line":79,"column":23},"end":{"line":85,"column":5}},"line":79}},"branchMap":{"0":{"loc":{"start":{"line":17,"column":4},"end":{"line":17,"column":80}},"type":"if","locations":[{"start":{"line":17,"column":4},"end":{"line":17,"column":80}},{"start":{"line":17,"column":4},"end":{"line":17,"column":80}}],"line":17},"1":{"loc":{"start":{"line":23,"column":4},"end":{"line":30,"column":5}},"type":"if","locations":[{"start":{"line":23,"column":4},"end":{"line":30,"column":5}},{"start":{"line":23,"column":4},"end":{"line":30,"column":5}}],"line":23},"2":{"loc":{"start":{"line":32,"column":4},"end":{"line":35,"column":5}},"type":"if","locations":[{"start":{"line":32,"column":4},"end":{"line":35,"column":5}},{"start":{"line":32,"column":4},"end":{"line":35,"column":5}}],"line":32},"3":{"loc":{"start":{"line":36,"column":4},"end":{"line":39,"column":5}},"type":"if","locations":[{"start":{"line":36,"column":4},"end":{"line":39,"column":5}},{"start":{"line":36,"column":4},"end":{"line":39,"column":5}}],"line":36},"4":{"loc":{"start":{"line":40,"column":4},"end":{"line":43,"column":5}},"type":"if","locations":[{"start":{"line":40,"column":4},"end":{"line":43,"column":5}},{"start":{"line":40,"column":4},"end":{"line":43,"column":5}}],"line":40},"5":{"loc":{"start":{"line":44,"column":4},"end":{"line":47,"column":5}},"type":"if","locations":[{"start":{"line":44,"column":4},"end":{"line":47,"column":5}},{"start":{"line":44,"column":4},"end":{"line":47,"column":5}}],"line":44},"6":{"loc":{"start":{"line":48,"column":4},"end":{"line":51,"column":5}},"type":"if","locations":[{"start":{"line":48,"column":4},"end":{"line":51,"column":5}},{"start":{"line":48,"column":4},"end":{"line":51,"column":5}}],"line":48},"7":{"loc":{"start":{"line":52,"column":4},"end":{"line":55,"column":5}},"type":"if","locations":[{"start":{"line":52,"column":4},"end":{"line":55,"column":5}},{"start":{"line":52,"column":4},"end":{"line":55,"column":5}}],"line":52},"8":{"loc":{"start":{"line":56,"column":4},"end":{"line":59,"column":5}},"type":"if","locations":[{"start":{"line":56,"column":4},"end":{"line":59,"column":5}},{"start":{"line":56,"column":4},"end":{"line":59,"column":5}}],"line":56},"9":{"loc":{"start":{"line":60,"column":4},"end":{"line":64,"column":5}},"type":"if","locations":[{"start":{"line":60,"column":4},"end":{"line":64,"column":5}},{"start":{"line":60,"column":4},"end":{"line":64,"column":5}}],"line":60},"10":{"loc":{"start":{"line":65,"column":4},"end":{"line":67,"column":5}},"type":"if","locations":[{"start":{"line":65,"column":4},"end":{"line":67,"column":5}},{"start":{"line":65,"column":4},"end":{"line":67,"column":5}}],"line":65},"11":{"loc":{"start":{"line":68,"column":4},"end":{"line":70,"column":5}},"type":"if","locations":[{"start":{"line":68,"column":4},"end":{"line":70,"column":5}},{"start":{"line":68,"column":4},"end":{"line":70,"column":5}}],"line":68},"12":{"loc":{"start":{"line":71,"column":4},"end":{"line":73,"column":5}},"type":"if","locations":[{"start":{"line":71,"column":4},"end":{"line":73,"column":5}},{"start":{"line":71,"column":4},"end":{"line":73,"column":5}}],"line":71},"13":{"loc":{"start":{"line":74,"column":4},"end":{"line":76,"column":5}},"type":"if","locations":[{"start":{"line":74,"column":4},"end":{"line":76,"column":5}},{"start":{"line":74,"column":4},"end":{"line":76,"column":5}}],"line":74},"14":{"loc":{"start":{"line":81,"column":8},"end":{"line":81,"column":74}},"type":"if","locations":[{"start":{"line":81,"column":8},"end":{"line":81,"column":74}},{"start":{"line":81,"column":8},"end":{"line":81,"column":74}}],"line":81}},"s":{"0":1,"1":1,"2":1,"3":4,"4":4,"5":2,"6":0,"7":2,"8":2,"9":2,"10":2,"11":2,"12":2,"13":2,"14":2,"15":2,"16":2,"17":2,"18":2,"19":2,"20":2,"21":2,"22":2,"23":2,"24":2,"25":2,"26":2,"27":2,"28":2,"29":2,"30":2,"31":2,"32":2,"33":2,"34":2,"35":2,"36":2,"37":2,"38":2,"39":2,"40":2,"41":2,"42":2,"43":2,"44":0,"45":2,"46":2,"47":2,"48":2,"49":2,"50":1,"51":1},"f":{"0":4,"1":2},"b":{"0":[0,2],"1":[2,0],"2":[2,0],"3":[2,0],"4":[2,0],"5":[2,0],"6":[2,0],"7":[2,0],"8":[2,0],"9":[2,0],"10":[2,0],"11":[2,0],"12":[0,2],"13":[2,0],"14":[1,1]},"_coverageSchema":"43e27e138ebf9cfc5966b082cf9a028302ed4184","hash":"cce2a5d50ae68023b9971e0ad22cfacc85897925","contentHash":"94be596ba936ed6b8b4f72fb4d1ce432b5c2eaebd8bd5cf19eccdd7f4cd9a0e5"}}